This is pdfTeX, Version 3.141592653-2.6-1.40.28 (MiKTeX 25.12) (preloaded format=pdflatex 2026.5.26)  9 JUN 2026 19:12
entering extended mode
 restricted \write18 enabled.
 %&-line parsing enabled.
**./Presentacion_70_Reordenado.tex
(Presentacion_70_Reordenado.tex
LaTeX2e <2025-11-01>
L3 programming layer <2025-12-24>
(C:\Users\cwbor\AppData\Local\Programs\MiKTeX\tex/latex/beamer\beamer.cls
Document Class: beamer 2026/01/22 v3.77 A class for typesetting presentations

(C:\Users\cwbor\AppData\Local\Programs\MiKTeX\tex/latex/beamer\beamerbasemodes.
sty
(C:\Users\cwbor\AppData\Local\Programs\MiKTeX\tex/latex/etoolbox\etoolbox.sty
Package: etoolbox 2025/10/02 v2.5m e-TeX tools for LaTeX (JAW)
\etb@tempcnta=\count275
)
\beamer@tempbox=\box53
\beamer@tempcount=\count276
\c@beamerpauses=\count277

(C:\Users\cwbor\AppData\Local\Programs\MiKTeX\tex/latex/beamer\beamerbasedecode
.sty
\beamer@slideinframe=\count278
\beamer@minimum=\count279
\beamer@decode@box=\box54
)
\beamer@commentbox=\box55
\beamer@modecount=\count280
)
(C:\Users\cwbor\AppData\Local\Programs\MiKTeX\tex/generic/iftex\iftex.sty
Package: iftex 2024/12/12 v1.0g TeX engine tests
)
\headdp=\dimen148
\footheight=\dimen149
\sidebarheight=\dimen150
\beamer@tempdim=\dimen151
\beamer@finalheight=\dimen152
\beamer@animht=\dimen153
\beamer@animdp=\dimen154
\beamer@animwd=\dimen155
\beamer@leftmargin=\dimen156
\beamer@rightmargin=\dimen157
\beamer@leftsidebar=\dimen158
\beamer@rightsidebar=\dimen159
\beamer@boxsize=\dimen160
\beamer@vboxoffset=\dimen161
\beamer@descdefault=\dimen162
\beamer@descriptionwidth=\dimen163
\beamer@lastskip=\skip49
\beamer@areabox=\box56
\beamer@animcurrent=\box57
\beamer@animshowbox=\box58
\beamer@sectionbox=\box59
\beamer@logobox=\box60
\beamer@linebox=\box61
\beamer@sectioncount=\count281
\beamer@subsubsectionmax=\count282
\beamer@subsectionmax=\count283
\beamer@sectionmax=\count284
\beamer@totalheads=\count285
\beamer@headcounter=\count286
\beamer@partstartpage=\count287
\beamer@sectionstartpage=\count288
\beamer@subsectionstartpage=\count289
\beamer@animationtempa=\count290
\beamer@animationtempb=\count291
\beamer@xpos=\count292
\beamer@ypos=\count293
\beamer@ypos@offset=\count294
\beamer@showpartnumber=\count295
\beamer@currentsubsection=\count296
\beamer@coveringdepth=\count297
\beamer@sectionadjust=\count298
\beamer@toclastsection=\count299
\beamer@tocsectionnumber=\count300

(C:\Users\cwbor\AppData\Local\Programs\MiKTeX\tex/latex/beamer\beamerbaseoption
s.sty
(C:\Users\cwbor\AppData\Local\Programs\MiKTeX\tex/latex/graphics\keyval.sty
Package: keyval 2022/05/29 v1.15 key=value parser (DPC)
\KV@toks@=\toks17
))
\beamer@paperwidth=\skip50
\beamer@paperheight=\skip51

(C:\Users\cwbor\AppData\Local\Programs\MiKTeX\tex/latex/geometry\geometry.sty
Package: geometry 2026/03/07 v6.0 Page Geometry

(C:\Users\cwbor\AppData\Local\Programs\MiKTeX\tex/generic/iftex\ifvtex.sty
Package: ifvtex 2019/10/25 v1.7 ifvtex legacy package. Use iftex instead.
)
\Gm@cnth=\count301
\Gm@cntv=\count302
\c@Gm@tempcnt=\count303
\Gm@bindingoffset=\dimen164
\Gm@wd@mp=\dimen165
\Gm@odd@mp=\dimen166
\Gm@even@mp=\dimen167
\Gm@layoutwidth=\dimen168
\Gm@layoutheight=\dimen169
\Gm@layouthoffset=\dimen170
\Gm@layoutvoffset=\dimen171
\Gm@dimlist=\toks18

(C:\Users\cwbor\AppData\Local\Programs\MiKTeX\tex/latex/geometry\geometry.cfg))
(C:\Users\cwbor\AppData\Local\Programs\MiKTeX\tex/latex/pgf/math\pgfmath.sty
(C:\Users\cwbor\AppData\Local\Programs\MiKTeX\tex/latex/pgf/utilities\pgfrcs.st
y
(C:\Users\cwbor\AppData\Local\Programs\MiKTeX\tex/generic/pgf/utilities\pgfutil
-common.tex
\pgfutil@everybye=\toks19
\pgfutil@tempdima=\dimen172
\pgfutil@tempdimb=\dimen173
)
(C:\Users\cwbor\AppData\Local\Programs\MiKTeX\tex/generic/pgf/utilities\pgfutil
-latex.def
\pgfutil@abb=\box62
)
(C:\Users\cwbor\AppData\Local\Programs\MiKTeX\tex/generic/pgf/utilities\pgfrcs.
code.tex
(C:\Users\cwbor\AppData\Local\Programs\MiKTeX\tex/generic/pgf\pgf.revision.tex)
Package: pgfrcs 2025-08-29 v3.1.11a (3.1.11a)
))
(C:\Users\cwbor\AppData\Local\Programs\MiKTeX\tex/latex/pgf/utilities\pgfkeys.s
ty
(C:\Users\cwbor\AppData\Local\Programs\MiKTeX\tex/generic/pgf/utilities\pgfkeys
.code.tex
\pgfkeys@pathtoks=\toks20
\pgfkeys@temptoks=\toks21

(C:\Users\cwbor\AppData\Local\Programs\MiKTeX\tex/generic/pgf/utilities\pgfkeys
libraryfiltered.code.tex
\pgfkeys@tmptoks=\toks22
)))
(C:\Users\cwbor\AppData\Local\Programs\MiKTeX\tex/generic/pgf/math\pgfmath.code
.tex
(C:\Users\cwbor\AppData\Local\Programs\MiKTeX\tex/generic/pgf/math\pgfmathutil.
code.tex
\pgf@x=\dimen174
\pgf@xa=\dimen175
\pgf@xb=\dimen176
\pgf@xc=\dimen177
\pgf@y=\dimen178
\pgf@ya=\dimen179
\pgf@yb=\dimen180
\pgf@yc=\dimen181
\c@pgf@counta=\count304
\c@pgf@countb=\count305
\c@pgf@countc=\count306
\c@pgf@countd=\count307
)
(C:\Users\cwbor\AppData\Local\Programs\MiKTeX\tex/generic/pgf/math\pgfmathparse
r.code.tex
\pgfmath@dimen=\dimen182
\pgfmath@count=\count308
\pgfmath@box=\box63
\pgfmath@toks=\toks23
\pgfmath@stack@operand=\toks24
\pgfmath@stack@operation=\toks25
)
(C:\Users\cwbor\AppData\Local\Programs\MiKTeX\tex/generic/pgf/math\pgfmathfunct
ions.code.tex)
(C:\Users\cwbor\AppData\Local\Programs\MiKTeX\tex/generic/pgf/math\pgfmathfunct
ions.basic.code.tex)
(C:\Users\cwbor\AppData\Local\Programs\MiKTeX\tex/generic/pgf/math\pgfmathfunct
ions.trigonometric.code.tex)
(C:\Users\cwbor\AppData\Local\Programs\MiKTeX\tex/generic/pgf/math\pgfmathfunct
ions.random.code.tex)
(C:\Users\cwbor\AppData\Local\Programs\MiKTeX\tex/generic/pgf/math\pgfmathfunct
ions.comparison.code.tex)
(C:\Users\cwbor\AppData\Local\Programs\MiKTeX\tex/generic/pgf/math\pgfmathfunct
ions.base.code.tex)
(C:\Users\cwbor\AppData\Local\Programs\MiKTeX\tex/generic/pgf/math\pgfmathfunct
ions.round.code.tex)
(C:\Users\cwbor\AppData\Local\Programs\MiKTeX\tex/generic/pgf/math\pgfmathfunct
ions.misc.code.tex)
(C:\Users\cwbor\AppData\Local\Programs\MiKTeX\tex/generic/pgf/math\pgfmathfunct
ions.integerarithmetics.code.tex)
(C:\Users\cwbor\AppData\Local\Programs\MiKTeX\tex/generic/pgf/math\pgfmathcalc.
code.tex)
(C:\Users\cwbor\AppData\Local\Programs\MiKTeX\tex/generic/pgf/math\pgfmathfloat
.code.tex
\c@pgfmathroundto@lastzeros=\count309
)))
(C:\Users\cwbor\AppData\Local\Programs\MiKTeX\tex/latex/base\size11.clo
File: size11.clo 2025/01/22 v1.4n Standard LaTeX file (size option)
)
(C:\Users\cwbor\AppData\Local\Programs\MiKTeX\tex/latex/pgf/basiclayer\pgfcore.
sty
(C:\Users\cwbor\AppData\Local\Programs\MiKTeX\tex/latex/graphics\graphicx.sty
Package: graphicx 2024/12/31 v1.2e Enhanced LaTeX Graphics (DPC,SPQR)

(C:\Users\cwbor\AppData\Local\Programs\MiKTeX\tex/latex/graphics\graphics.sty
Package: graphics 2024/08/06 v1.4g Standard LaTeX Graphics (DPC,SPQR)

(C:\Users\cwbor\AppData\Local\Programs\MiKTeX\tex/latex/graphics\trig.sty
Package: trig 2023/12/02 v1.11 sin cos tan (DPC)
)
(C:\Users\cwbor\AppData\Local\Programs\MiKTeX\tex/latex/graphics-cfg\graphics.c
fg
File: graphics.cfg 2016/06/04 v1.11 sample graphics configuration
)
Package graphics Info: Driver file: pdftex.def on input line 106.

(C:\Users\cwbor\AppData\Local\Programs\MiKTeX\tex/latex/graphics-def\pdftex.def
File: pdftex.def 2025/09/29 v1.2d Graphics/color driver for pdftex
))
\Gin@req@height=\dimen183
\Gin@req@width=\dimen184
)
(C:\Users\cwbor\AppData\Local\Programs\MiKTeX\tex/latex/pgf/systemlayer\pgfsys.
sty
(C:\Users\cwbor\AppData\Local\Programs\MiKTeX\tex/generic/pgf/systemlayer\pgfsy
s.code.tex
Package: pgfsys 2025-08-29 v3.1.11a (3.1.11a)
\pgf@x=\dimen185
\pgf@y=\dimen186
\pgf@xa=\dimen187
\pgf@ya=\dimen188
\pgf@xb=\dimen189
\pgf@yb=\dimen190
\pgf@xc=\dimen191
\pgf@yc=\dimen192
\pgf@xd=\dimen193
\pgf@yd=\dimen194
\w@pgf@writea=\write3
\r@pgf@reada=\read2
\c@pgf@counta=\count310
\c@pgf@countb=\count311
\c@pgf@countc=\count312
\c@pgf@countd=\count313
\t@pgf@toka=\toks26
\t@pgf@tokb=\toks27
\t@pgf@tokc=\toks28
\pgf@sys@id@count=\count314

(C:\Users\cwbor\AppData\Local\Programs\MiKTeX\tex/generic/pgf/systemlayer\pgf.c
fg
File: pgf.cfg 2025-08-29 v3.1.11a (3.1.11a)
)
Driver file for pgf: pgfsys-pdftex.def

(C:\Users\cwbor\AppData\Local\Programs\MiKTeX\tex/generic/pgf/systemlayer\pgfsy
s-pdftex.def
File: pgfsys-pdftex.def 2025-08-29 v3.1.11a (3.1.11a)

(C:\Users\cwbor\AppData\Local\Programs\MiKTeX\tex/generic/pgf/systemlayer\pgfsy
s-common-pdf.def
File: pgfsys-common-pdf.def 2025-08-29 v3.1.11a (3.1.11a)
)))
(C:\Users\cwbor\AppData\Local\Programs\MiKTeX\tex/generic/pgf/systemlayer\pgfsy
ssoftpath.code.tex
File: pgfsyssoftpath.code.tex 2025-08-29 v3.1.11a (3.1.11a)
\pgfsyssoftpath@smallbuffer@items=\count315
\pgfsyssoftpath@bigbuffer@items=\count316
)
(C:\Users\cwbor\AppData\Local\Programs\MiKTeX\tex/generic/pgf/systemlayer\pgfsy
sprotocol.code.tex
File: pgfsysprotocol.code.tex 2025-08-29 v3.1.11a (3.1.11a)
))
(C:\Users\cwbor\AppData\Local\Programs\MiKTeX\tex/latex/xcolor\xcolor.sty
Package: xcolor 2024/09/29 v3.02 LaTeX color extensions (UK)

(C:\Users\cwbor\AppData\Local\Programs\MiKTeX\tex/latex/graphics-cfg\color.cfg
File: color.cfg 2016/01/02 v1.6 sample color configuration
)
Package xcolor Info: Driver file: pdftex.def on input line 274.
(C:\Users\cwbor\AppData\Local\Programs\MiKTeX\tex/latex/graphics\mathcolor.ltx)
Package xcolor Info: Model `cmy' substituted by `cmy0' on input line 1349.
Package xcolor Info: Model `hsb' substituted by `rgb' on input line 1353.
Package xcolor Info: Model `RGB' extended on input line 1365.
Package xcolor Info: Model `HTML' substituted by `rgb' on input line 1367.
Package xcolor Info: Model `Hsb' substituted by `hsb' on input line 1368.
Package xcolor Info: Model `tHsb' substituted by `hsb' on input line 1369.
Package xcolor Info: Model `HSB' substituted by `hsb' on input line 1370.
Package xcolor Info: Model `Gray' substituted by `gray' on input line 1371.
Package xcolor Info: Model `wave' substituted by `hsb' on input line 1372.
)
(C:\Users\cwbor\AppData\Local\Programs\MiKTeX\tex/generic/pgf/basiclayer\pgfcor
e.code.tex
Package: pgfcore 2025-08-29 v3.1.11a (3.1.11a)

(C:\Users\cwbor\AppData\Local\Programs\MiKTeX\tex/generic/pgf/math\pgfint.code.
tex)
(C:\Users\cwbor\AppData\Local\Programs\MiKTeX\tex/generic/pgf/basiclayer\pgfcor
epoints.code.tex
File: pgfcorepoints.code.tex 2025-08-29 v3.1.11a (3.1.11a)
\pgf@picminx=\dimen195
\pgf@picmaxx=\dimen196
\pgf@picminy=\dimen197
\pgf@picmaxy=\dimen198
\pgf@pathminx=\dimen199
\pgf@pathmaxx=\dimen256
\pgf@pathminy=\dimen257
\pgf@pathmaxy=\dimen258
\pgf@xx=\dimen259
\pgf@xy=\dimen260
\pgf@yx=\dimen261
\pgf@yy=\dimen262
\pgf@zx=\dimen263
\pgf@zy=\dimen264
)
(C:\Users\cwbor\AppData\Local\Programs\MiKTeX\tex/generic/pgf/basiclayer\pgfcor
epathconstruct.code.tex
File: pgfcorepathconstruct.code.tex 2025-08-29 v3.1.11a (3.1.11a)
\pgf@path@lastx=\dimen265
\pgf@path@lasty=\dimen266
)
(C:\Users\cwbor\AppData\Local\Programs\MiKTeX\tex/generic/pgf/basiclayer\pgfcor
epathusage.code.tex
File: pgfcorepathusage.code.tex 2025-08-29 v3.1.11a (3.1.11a)
\pgf@shorten@end@additional=\dimen267
\pgf@shorten@start@additional=\dimen268
)
(C:\Users\cwbor\AppData\Local\Programs\MiKTeX\tex/generic/pgf/basiclayer\pgfcor
escopes.code.tex
File: pgfcorescopes.code.tex 2025-08-29 v3.1.11a (3.1.11a)
\pgfpic=\box64
\pgf@hbox=\box65
\pgf@layerbox@main=\box66
\pgf@picture@serial@count=\count317
)
(C:\Users\cwbor\AppData\Local\Programs\MiKTeX\tex/generic/pgf/basiclayer\pgfcor
egraphicstate.code.tex
File: pgfcoregraphicstate.code.tex 2025-08-29 v3.1.11a (3.1.11a)
\pgflinewidth=\dimen269
)
(C:\Users\cwbor\AppData\Local\Programs\MiKTeX\tex/generic/pgf/basiclayer\pgfcor
etransformations.code.tex
File: pgfcoretransformations.code.tex 2025-08-29 v3.1.11a (3.1.11a)
\pgf@pt@x=\dimen270
\pgf@pt@y=\dimen271
\pgf@pt@temp=\dimen272
)
(C:\Users\cwbor\AppData\Local\Programs\MiKTeX\tex/generic/pgf/basiclayer\pgfcor
equick.code.tex
File: pgfcorequick.code.tex 2025-08-29 v3.1.11a (3.1.11a)
)
(C:\Users\cwbor\AppData\Local\Programs\MiKTeX\tex/generic/pgf/basiclayer\pgfcor
eobjects.code.tex
File: pgfcoreobjects.code.tex 2025-08-29 v3.1.11a (3.1.11a)
)
(C:\Users\cwbor\AppData\Local\Programs\MiKTeX\tex/generic/pgf/basiclayer\pgfcor
epathprocessing.code.tex
File: pgfcorepathprocessing.code.tex 2025-08-29 v3.1.11a (3.1.11a)
)
(C:\Users\cwbor\AppData\Local\Programs\MiKTeX\tex/generic/pgf/basiclayer\pgfcor
earrows.code.tex
File: pgfcorearrows.code.tex 2025-08-29 v3.1.11a (3.1.11a)
\pgfarrowsep=\dimen273
)
(C:\Users\cwbor\AppData\Local\Programs\MiKTeX\tex/generic/pgf/basiclayer\pgfcor
eshade.code.tex
File: pgfcoreshade.code.tex 2025-08-29 v3.1.11a (3.1.11a)
\pgf@max=\dimen274
\pgf@sys@shading@range@num=\count318
\pgf@shadingcount=\count319
)
(C:\Users\cwbor\AppData\Local\Programs\MiKTeX\tex/generic/pgf/basiclayer\pgfcor
eimage.code.tex
File: pgfcoreimage.code.tex 2025-08-29 v3.1.11a (3.1.11a)
)
(C:\Users\cwbor\AppData\Local\Programs\MiKTeX\tex/generic/pgf/basiclayer\pgfcor
eexternal.code.tex
File: pgfcoreexternal.code.tex 2025-08-29 v3.1.11a (3.1.11a)
\pgfexternal@startupbox=\box67
)
(C:\Users\cwbor\AppData\Local\Programs\MiKTeX\tex/generic/pgf/basiclayer\pgfcor
elayers.code.tex
File: pgfcorelayers.code.tex 2025-08-29 v3.1.11a (3.1.11a)
)
(C:\Users\cwbor\AppData\Local\Programs\MiKTeX\tex/generic/pgf/basiclayer\pgfcor
etransparency.code.tex
File: pgfcoretransparency.code.tex 2025-08-29 v3.1.11a (3.1.11a)
)
(C:\Users\cwbor\AppData\Local\Programs\MiKTeX\tex/generic/pgf/basiclayer\pgfcor
epatterns.code.tex
File: pgfcorepatterns.code.tex 2025-08-29 v3.1.11a (3.1.11a)
)
(C:\Users\cwbor\AppData\Local\Programs\MiKTeX\tex/generic/pgf/basiclayer\pgfcor
erdf.code.tex
File: pgfcorerdf.code.tex 2025-08-29 v3.1.11a (3.1.11a)
)))
(C:\Users\cwbor\AppData\Local\Programs\MiKTeX\tex/latex/pgf/utilities\xxcolor.s
ty
Package: xxcolor 2003/10/24 ver 0.1
\XC@nummixins=\count320
\XC@countmixins=\count321
)
(C:\Users\cwbor\AppData\Local\Programs\MiKTeX\tex/latex/base\atbegshi-ltx.sty
Package: atbegshi-ltx 2021/01/10 v1.0c Emulation of the original atbegshi
package with kernel methods
)
(C:\Users\cwbor\AppData\Local\Programs\MiKTeX\tex/latex/hyperref\hyperref.sty
Package: hyperref 2025-07-12 v7.01o Hypertext links for LaTeX

(C:\Users\cwbor\AppData\Local\Programs\MiKTeX\tex/latex/kvsetkeys\kvsetkeys.sty
Package: kvsetkeys 2022-10-05 v1.19 Key value parser (HO)
)
(C:\Users\cwbor\AppData\Local\Programs\MiKTeX\tex/generic/kvdefinekeys\kvdefine
keys.sty
Package: kvdefinekeys 2019-12-19 v1.6 Define keys (HO)
)
(C:\Users\cwbor\AppData\Local\Programs\MiKTeX\tex/generic/pdfescape\pdfescape.s
ty
Package: pdfescape 2019/12/09 v1.15 Implements pdfTeX's escape features (HO)

(C:\Users\cwbor\AppData\Local\Programs\MiKTeX\tex/generic/ltxcmds\ltxcmds.sty
Package: ltxcmds 2023-12-04 v1.26 LaTeX kernel commands for general use (HO)
)
(C:\Users\cwbor\AppData\Local\Programs\MiKTeX\tex/generic/pdftexcmds\pdftexcmds
.sty
Package: pdftexcmds 2020-06-27 v0.33 Utility functions of pdfTeX for LuaTeX (HO
)

(C:\Users\cwbor\AppData\Local\Programs\MiKTeX\tex/generic/infwarerr\infwarerr.s
ty
Package: infwarerr 2019/12/03 v1.5 Providing info/warning/error messages (HO)
)
Package pdftexcmds Info: \pdf@primitive is available.
Package pdftexcmds Info: \pdf@ifprimitive is available.
Package pdftexcmds Info: \pdfdraftmode found.
))
(C:\Users\cwbor\AppData\Local\Programs\MiKTeX\tex/latex/hycolor\hycolor.sty
Package: hycolor 2020-01-27 v1.10 Color options for hyperref/bookmark (HO)
)
(C:\Users\cwbor\AppData\Local\Programs\MiKTeX\tex/latex/hyperref\nameref.sty
Package: nameref 2025-06-21 v2.57 Cross-referencing by name of section

(C:\Users\cwbor\AppData\Local\Programs\MiKTeX\tex/latex/refcount\refcount.sty
Package: refcount 2019/12/15 v3.6 Data extraction from label references (HO)
)
(C:\Users\cwbor\AppData\Local\Programs\MiKTeX\tex/generic/gettitlestring\gettit
lestring.sty
Package: gettitlestring 2019/12/15 v1.6 Cleanup title references (HO)

(C:\Users\cwbor\AppData\Local\Programs\MiKTeX\tex/latex/kvoptions\kvoptions.sty
Package: kvoptions 2022-06-15 v3.15 Key value format for package options (HO)
))
\c@section@level=\count322
)
(C:\Users\cwbor\AppData\Local\Programs\MiKTeX\tex/generic/stringenc\stringenc.s
ty
Package: stringenc 2019/11/29 v1.12 Convert strings between diff. encodings (HO
)
)
\@linkdim=\dimen275
\Hy@linkcounter=\count323
\Hy@pagecounter=\count324
 (C:\Users\cwbor\AppData\Local\Programs\MiKTeX\tex/latex/hyperref\pd1enc.def
File: pd1enc.def 2025-07-12 v7.01o Hyperref: PDFDocEncoding definition (HO)
Now handling font encoding PD1 ...
... no UTF-8 mapping file for font encoding PD1
) (C:\Users\cwbor\AppData\Local\Programs\MiKTeX\tex/generic/intcalc\intcalc.sty
Package: intcalc 2019/12/15 v1.3 Expandable calculations with integers (HO)
)
\Hy@SavedSpaceFactor=\count325
 (C:\Users\cwbor\AppData\Local\Programs\MiKTeX\tex/latex/hyperref\puenc.def
File: puenc.def 2025-07-12 v7.01o Hyperref: PDF Unicode definition (HO)
Now handling font encoding PU ...
... no UTF-8 mapping file for font encoding PU
)
Package hyperref Info: Option `bookmarks' set `true' on input line 4066.
Package hyperref Info: Option `bookmarksopen' set `true' on input line 4066.
Package hyperref Info: Option `implicit' set `false' on input line 4066.
Package hyperref Info: Hyper figures OFF on input line 4195.
Package hyperref Info: Link nesting OFF on input line 4200.
Package hyperref Info: Hyper index ON on input line 4203.
Package hyperref Info: Plain pages OFF on input line 4210.
Package hyperref Info: Backreferencing OFF on input line 4215.
Package hyperref Info: Implicit mode OFF; no redefinition of LaTeX internals.
Package hyperref Info: Bookmarks ON on input line 4462.
\c@Hy@tempcnt=\count326

(C:\Users\cwbor\AppData\Local\Programs\MiKTeX\tex/latex/url\url.sty
\Urlmuskip=\muskip17
Package: url 2013/09/16  ver 3.4  Verb mode for urls, etc.
)
LaTeX Info: Redefining \url on input line 4801.
\XeTeXLinkMargin=\dimen276

(C:\Users\cwbor\AppData\Local\Programs\MiKTeX\tex/generic/bitset\bitset.sty
Package: bitset 2019/12/09 v1.3 Handle bit-vector datatype (HO)

(C:\Users\cwbor\AppData\Local\Programs\MiKTeX\tex/generic/bigintcalc\bigintcalc
.sty
Package: bigintcalc 2019/12/15 v1.5 Expandable calculations on big integers (HO
)
))
\Fld@menulength=\count327
\Field@Width=\dimen277
\Fld@charsize=\dimen278
Package hyperref Info: Hyper figures OFF on input line 6078.
Package hyperref Info: Link nesting OFF on input line 6083.
Package hyperref Info: Hyper index ON on input line 6086.
Package hyperref Info: backreferencing OFF on input line 6093.
Package hyperref Info: Link coloring OFF on input line 6098.
Package hyperref Info: Link coloring with OCG OFF on input line 6103.
Package hyperref Info: PDF/A mode OFF on input line 6108.
\Hy@abspage=\count328


Package hyperref Message: Stopped early.

)
Package hyperref Info: Driver (autodetected): hpdftex.
 (C:\Users\cwbor\AppData\Local\Programs\MiKTeX\tex/latex/hyperref\hpdftex.def
File: hpdftex.def 2025-07-12 v7.01o Hyperref driver for pdfTeX
\Fld@listcount=\count329
\c@bookmark@seq@number=\count330

(C:\Users\cwbor\AppData\Local\Programs\MiKTeX\tex/latex/rerunfilecheck\rerunfil
echeck.sty
Package: rerunfilecheck 2025-06-21 v1.11 Rerun checks for auxiliary files (HO)

(C:\Users\cwbor\AppData\Local\Programs\MiKTeX\tex/generic/uniquecounter\uniquec
ounter.sty
Package: uniquecounter 2019/12/15 v1.4 Provide unlimited unique counter (HO)
)
Package uniquecounter Info: New unique counter `rerunfilecheck' on input line 2
84.
))
(C:\Users\cwbor\AppData\Local\Programs\MiKTeX\tex/latex/beamer\beamerbaserequir
es.sty
(C:\Users\cwbor\AppData\Local\Programs\MiKTeX\tex/latex/beamer\beamerbasecompat
ibility.sty)
(C:\Users\cwbor\AppData\Local\Programs\MiKTeX\tex/latex/beamer\beamerbasefont.s
ty (C:\Users\cwbor\AppData\Local\Programs\MiKTeX\tex/latex/amsfonts\amssymb.sty
Package: amssymb 2013/01/14 v3.01 AMS font symbols
(C:\Users\cwbor\AppData\Local\Programs\MiKTeX\tex/latex/amsfonts\amsfonts.sty
Package: amsfonts 2013/01/14 v3.01 Basic AMSFonts support
\@emptytoks=\toks29
\symAMSa=\mathgroup4
\symAMSb=\mathgroup5
LaTeX Font Info:    Redeclaring math symbol \hbar on input line 98.
LaTeX Font Info:    Overwriting math alphabet `\mathfrak' in version `bold'
(Font)                  U/euf/m/n --> U/euf/b/n on input line 106.
))
(C:\Users\cwbor\AppData\Local\Programs\MiKTeX\tex/latex/sansmathaccent\sansmath
accent.sty
Package: sansmathaccent 2020/01/31

(C:\Users\cwbor\AppData\Local\Programs\MiKTeX\tex/latex/koma-script\scrlfile.st
y
Package: scrlfile 2026/02/02 v3.49.2 KOMA-Script package (file load hooks)

(C:\Users\cwbor\AppData\Local\Programs\MiKTeX\tex/latex/koma-script\scrlfile-ho
ok.sty
Package: scrlfile-hook 2026/02/02 v3.49.2 KOMA-Script package (using LaTeX hook
s)

(C:\Users\cwbor\AppData\Local\Programs\MiKTeX\tex/latex/koma-script\scrlogo.sty
Package: scrlogo 2026/02/02 v3.49.2 KOMA-Script package (logo)
)))))
(C:\Users\cwbor\AppData\Local\Programs\MiKTeX\tex/latex/beamer\beamerbasetransl
ator.sty
(C:\Users\cwbor\AppData\Local\Programs\MiKTeX\tex/latex/translator\translator.s
ty
Package: translator 2021-05-31 v1.12d Easy translation of strings in LaTeX
))
(C:\Users\cwbor\AppData\Local\Programs\MiKTeX\tex/latex/beamer\beamerbasemisc.s
ty)
(C:\Users\cwbor\AppData\Local\Programs\MiKTeX\tex/latex/beamer\beamerbasetwoscr
eens.sty)
(C:\Users\cwbor\AppData\Local\Programs\MiKTeX\tex/latex/beamer\beamerbaseoverla
y.sty
\beamer@argscount=\count331
\beamer@lastskipcover=\skip52
\beamer@trivlistdepth=\count332
)
(C:\Users\cwbor\AppData\Local\Programs\MiKTeX\tex/latex/beamer\beamerbasetitle.
sty)
(C:\Users\cwbor\AppData\Local\Programs\MiKTeX\tex/latex/beamer\beamerbasesectio
n.sty
\c@lecture=\count333
\c@part=\count334
\c@section=\count335
\c@subsection=\count336
\c@subsubsection=\count337
)
(C:\Users\cwbor\AppData\Local\Programs\MiKTeX\tex/latex/beamer\beamerbaseframe.
sty
\beamer@framebox=\box68
\beamer@frametitlebox=\box69
\beamer@zoombox=\box70
\beamer@zoomcount=\count338
\beamer@zoomframecount=\count339
\beamer@frametextheight=\dimen279
\c@subsectionslide=\count340
\beamer@frametopskip=\skip53
\beamer@framebottomskip=\skip54
\beamer@frametopskipautobreak=\skip55
\beamer@framebottomskipautobreak=\skip56
\beamer@envbody=\toks30
\framewidth=\dimen280
\c@framenumber=\count341
)
(C:\Users\cwbor\AppData\Local\Programs\MiKTeX\tex/latex/beamer\beamerbaseverbat
im.sty
\beamer@verbatimfileout=\write4
)
(C:\Users\cwbor\AppData\Local\Programs\MiKTeX\tex/latex/beamer\beamerbaseframes
ize.sty
\beamer@splitbox=\box71
\beamer@autobreakcount=\count342
\beamer@autobreaklastheight=\dimen281
\beamer@frametitletoks=\toks31
\beamer@framesubtitletoks=\toks32
)
(C:\Users\cwbor\AppData\Local\Programs\MiKTeX\tex/latex/beamer\beamerbaseframec
omponents.sty
\beamer@colheight=\skip57
\beamer@footins=\box72
)
(C:\Users\cwbor\AppData\Local\Programs\MiKTeX\tex/latex/beamer\beamerbasecolor.
sty)
(C:\Users\cwbor\AppData\Local\Programs\MiKTeX\tex/latex/beamer\beamerbasenotes.
sty
\beamer@frameboxcopy=\box73
)
(C:\Users\cwbor\AppData\Local\Programs\MiKTeX\tex/latex/beamer\beamerbasetoc.st
y)
(C:\Users\cwbor\AppData\Local\Programs\MiKTeX\tex/latex/beamer\beamerbasetempla
tes.sty
\beamer@sbttoks=\toks33

(C:\Users\cwbor\AppData\Local\Programs\MiKTeX\tex/latex/beamer\beamerbaseauxtem
plates.sty
(C:\Users\cwbor\AppData\Local\Programs\MiKTeX\tex/latex/beamer\beamerbaseboxes.
sty
\bmb@box=\box74
\bmb@colorbox=\box75
\bmb@boxwidth=\dimen282
\bmb@boxheight=\dimen283
\bmb@prevheight=\dimen284
\bmb@temp=\dimen285
\bmb@dima=\dimen286
\bmb@dimb=\dimen287
\bmb@prevheight=\dimen288
)
\beamer@blockheadheight=\dimen289
))
(C:\Users\cwbor\AppData\Local\Programs\MiKTeX\tex/latex/beamer\beamerbaselocals
tructure.sty
(C:\Users\cwbor\AppData\Local\Programs\MiKTeX\tex/latex/tools\enumerate.sty
Package: enumerate 2023/07/04 v3.00 enumerate extensions (DPC)
\@enLab=\toks34
)
\beamer@bibiconwidth=\skip58
\c@figure=\count343
\c@table=\count344
\abovecaptionskip=\skip59
\belowcaptionskip=\skip60
)
(C:\Users\cwbor\AppData\Local\Programs\MiKTeX\tex/latex/beamer\beamerbasenaviga
tion.sty
(C:\Users\cwbor\AppData\Local\Programs\MiKTeX\tex/latex/beamer\beamerbasenaviga
tionsymbols.tex)
\beamer@section@min@dim=\dimen290
)
(C:\Users\cwbor\AppData\Local\Programs\MiKTeX\tex/latex/beamer\beamerbasetheore
ms.sty
(C:\Users\cwbor\AppData\Local\Programs\MiKTeX\tex/latex/amsmath\amsmath.sty
Package: amsmath 2025/07/09 v2.17z AMS math features
\@mathmargin=\skip61

For additional information on amsmath, use the `?' option.
(C:\Users\cwbor\AppData\Local\Programs\MiKTeX\tex/latex/amsmath\amstext.sty
Package: amstext 2024/11/17 v2.01 AMS text

(C:\Users\cwbor\AppData\Local\Programs\MiKTeX\tex/latex/amsmath\amsgen.sty
File: amsgen.sty 1999/11/30 v2.0 generic functions
\@emptytoks=\toks35
\ex@=\dimen291
))
(C:\Users\cwbor\AppData\Local\Programs\MiKTeX\tex/latex/amsmath\amsbsy.sty
Package: amsbsy 1999/11/29 v1.2d Bold Symbols
\pmbraise@=\dimen292
)
(C:\Users\cwbor\AppData\Local\Programs\MiKTeX\tex/latex/amsmath\amsopn.sty
Package: amsopn 2022/04/08 v2.04 operator names
)
\inf@bad=\count345
LaTeX Info: Redefining \frac on input line 233.
\uproot@=\count346
\leftroot@=\count347
LaTeX Info: Redefining \overline on input line 398.
LaTeX Info: Redefining \colon on input line 409.
\classnum@=\count348
\DOTSCASE@=\count349
LaTeX Info: Redefining \ldots on input line 495.
LaTeX Info: Redefining \dots on input line 498.
LaTeX Info: Redefining \cdots on input line 619.
\Mathstrutbox@=\box76
\strutbox@=\box77
LaTeX Info: Redefining \big on input line 721.
LaTeX Info: Redefining \Big on input line 722.
LaTeX Info: Redefining \bigg on input line 723.
LaTeX Info: Redefining \Bigg on input line 724.
\big@size=\dimen293
LaTeX Font Info:    Redeclaring font encoding OML on input line 742.
LaTeX Font Info:    Redeclaring font encoding OMS on input line 743.
\macc@depth=\count350
LaTeX Info: Redefining \bmod on input line 904.
LaTeX Info: Redefining \pmod on input line 909.
LaTeX Info: Redefining \smash on input line 939.
LaTeX Info: Redefining \relbar on input line 969.
LaTeX Info: Redefining \Relbar on input line 970.
\c@MaxMatrixCols=\count351
\dotsspace@=\muskip18
\c@parentequation=\count352
\dspbrk@lvl=\count353
\tag@help=\toks36
\row@=\count354
\column@=\count355
\maxfields@=\count356
\andhelp@=\toks37
\eqnshift@=\dimen294
\alignsep@=\dimen295
\tagshift@=\dimen296
\tagwidth@=\dimen297
\totwidth@=\dimen298
\lineht@=\dimen299
\@envbody=\toks38
\multlinegap=\skip62
\multlinetaggap=\skip63
\mathdisplay@stack=\toks39
LaTeX Info: Redefining \[ on input line 2950.
LaTeX Info: Redefining \] on input line 2951.
)
(C:\Users\cwbor\AppData\Local\Programs\MiKTeX\tex/latex/amscls\amsthm.sty
Package: amsthm 2020/05/29 v2.20.6
\thm@style=\toks40
\thm@bodyfont=\toks41
\thm@headfont=\toks42
\thm@notefont=\toks43
\thm@headpunct=\toks44
\thm@preskip=\skip64
\thm@postskip=\skip65
\thm@headsep=\skip66
\dth@everypar=\toks45
)
\c@theorem=\count357
)
(C:\Users\cwbor\AppData\Local\Programs\MiKTeX\tex/latex/beamer\beamerbasethemes
.sty))
(C:\Users\cwbor\AppData\Local\Programs\MiKTeX\tex/latex/beamer\beamerthemedefau
lt.sty
(C:\Users\cwbor\AppData\Local\Programs\MiKTeX\tex/latex/beamer\beamerfontthemed
efault.sty)
(C:\Users\cwbor\AppData\Local\Programs\MiKTeX\tex/latex/beamer\beamercolortheme
default.sty)
(C:\Users\cwbor\AppData\Local\Programs\MiKTeX\tex/latex/beamer\beamerinnertheme
default.sty
\beamer@dima=\dimen300
\beamer@dimb=\dimen301
)
(C:\Users\cwbor\AppData\Local\Programs\MiKTeX\tex/latex/beamer\beameroutertheme
default.sty)))
(C:\Users\cwbor\AppData\Local\Programs\MiKTeX\tex/latex/base\inputenc.sty
Package: inputenc 2024/02/08 v1.3d Input encoding file
\inpenc@prehook=\toks46
\inpenc@posthook=\toks47
)
(C:\Users\cwbor\AppData\Local\Programs\MiKTeX\tex/latex/base\fontenc.sty
Package: fontenc 2025/07/18 v2.1d Standard LaTeX package
)
(C:\Users\cwbor\AppData\Local\Programs\MiKTeX\tex/latex/lm\lmodern.sty
Package: lmodern 2015/05/01 v1.6.1 Latin Modern Fonts
LaTeX Font Info:    Overwriting symbol font `operators' in version `normal'
(Font)                  OT1/cmr/m/n --> OT1/lmr/m/n on input line 22.
LaTeX Font Info:    Overwriting symbol font `letters' in version `normal'
(Font)                  OML/cmm/m/it --> OML/lmm/m/it on input line 23.
LaTeX Font Info:    Overwriting symbol font `symbols' in version `normal'
(Font)                  OMS/cmsy/m/n --> OMS/lmsy/m/n on input line 24.
LaTeX Font Info:    Overwriting symbol font `largesymbols' in version `normal'
(Font)                  OMX/cmex/m/n --> OMX/lmex/m/n on input line 25.
LaTeX Font Info:    Overwriting symbol font `operators' in version `bold'
(Font)                  OT1/cmr/bx/n --> OT1/lmr/bx/n on input line 26.
LaTeX Font Info:    Overwriting symbol font `letters' in version `bold'
(Font)                  OML/cmm/b/it --> OML/lmm/b/it on input line 27.
LaTeX Font Info:    Overwriting symbol font `symbols' in version `bold'
(Font)                  OMS/cmsy/b/n --> OMS/lmsy/b/n on input line 28.
LaTeX Font Info:    Overwriting symbol font `largesymbols' in version `bold'
(Font)                  OMX/cmex/m/n --> OMX/lmex/m/n on input line 29.
LaTeX Font Info:    Overwriting math alphabet `\mathbf' in version `normal'
(Font)                  OT1/cmr/bx/n --> OT1/lmr/bx/n on input line 31.
LaTeX Font Info:    Overwriting math alphabet `\mathsf' in version `normal'
(Font)                  OT1/cmss/m/n --> OT1/lmss/m/n on input line 32.
LaTeX Font Info:    Overwriting math alphabet `\mathit' in version `normal'
(Font)                  OT1/cmr/m/it --> OT1/lmr/m/it on input line 33.
LaTeX Font Info:    Overwriting math alphabet `\mathtt' in version `normal'
(Font)                  OT1/cmtt/m/n --> OT1/lmtt/m/n on input line 34.
LaTeX Font Info:    Overwriting math alphabet `\mathbf' in version `bold'
(Font)                  OT1/cmr/bx/n --> OT1/lmr/bx/n on input line 35.
LaTeX Font Info:    Overwriting math alphabet `\mathsf' in version `bold'
(Font)                  OT1/cmss/bx/n --> OT1/lmss/bx/n on input line 36.
LaTeX Font Info:    Overwriting math alphabet `\mathit' in version `bold'
(Font)                  OT1/cmr/bx/it --> OT1/lmr/bx/it on input line 37.
LaTeX Font Info:    Overwriting math alphabet `\mathtt' in version `bold'
(Font)                  OT1/cmtt/m/n --> OT1/lmtt/m/n on input line 38.
)
(C:\Users\cwbor\AppData\Local\Programs\MiKTeX\tex/generic/babel\babel.sty
Package: babel 2025/12/11 v25.17 The multilingual framework for LuaLaTeX, pdfLa
TeX and XeLaTeX
\babel@savecnt=\count358
LaTeX Encoding Info:    Redeclaring text command \ij (encoding OT1) on input li
ne 2068.
LaTeX Encoding Info:    Redeclaring text command \IJ (encoding OT1) on input li
ne 2070.
LaTeX Encoding Info:    Redeclaring text command \ij (encoding T1) on input lin
e 2072.
LaTeX Encoding Info:    Redeclaring text command \IJ (encoding T1) on input lin
e 2073.
LaTeX Encoding Info:    Ignoring declaration for text command \ij (encoding ?) 
on input line 2074.
LaTeX Encoding Info:    Ignoring declaration for text command \IJ (encoding ?) 
on input line 2076.
LaTeX Encoding Info:    Ignoring declaration for text command \SS (encoding ?) 
on input line 2101.
\U@D=\dimen302
\l@unhyphenated=\language79

(C:\Users\cwbor\AppData\Local\Programs\MiKTeX\tex/generic/babel\txtbabel.def)
\bbl@readstream=\read3
LaTeX Info: Redefining \textlatin on input line 3963.
\bbl@dirlevel=\count359
Package babel Info: Configuration files are deprecated, as
(babel)             they can break document portability.
(babel)             Reported on input line 4196.

*************************************
* Local config file bblopts.cfg used
*
(C:\Users\cwbor\AppData\Local\Programs\MiKTeX\tex/latex/arabi\bblopts.cfg
File: bblopts.cfg 2005/09/08 v0.1 add Arabic and Farsi to "declared" options of
 babel
)
(C:\Users\cwbor\AppData\Local\Programs\MiKTeX\tex/generic/babel/locale/es\babel
-spanish.tex)
Package babel Info: Importing font and identification data for spanish
(babel)             from babel-es.ini. Reported on input line 4320.

(C:\Users\cwbor\AppData\Local\Programs\MiKTeX\tex/latex/babel-spanish\spanish.l
df
Language: spanish.ldf 2021/05/27 v5.0q Spanish support from the babel system
\es@quottoks=\toks48
\es@quotdepth=\count360
Package babel Info: Making " an active character on input line 570.
Package babel Info: Making . an active character on input line 675.
Package babel Info: Making < an active character on input line 722.
Package babel Info: Making > an active character on input line 722.
))
LaTeX Encoding Info:    Redeclaring text command \guillemotleft (encoding OT1) 
on input line 7.
LaTeX Encoding Info:    Redeclaring text command \guillemotright (encoding OT1)
 on input line 7.

(C:\Users\cwbor\AppData\Local\Programs\MiKTeX\tex/latex/csquotes\csquotes.sty
Package: csquotes 2026-05-19 v5.2p context-sensitive quotations (JAW)
\csq@reset=\count361
\csq@gtype=\count362
\csq@glevel=\count363
\csq@qlevel=\count364
\csq@maxlvl=\count365
\csq@tshold=\count366
\csq@ltx@everypar=\toks49

(C:\Users\cwbor\AppData\Local\Programs\MiKTeX\tex/latex/csquotes\csquotes.def
File: csquotes.def 2026-05-19 v5.2p csquotes generic definitions (JAW)
)
Package csquotes Info: Trying to load configuration file 'csquotes.cfg'...
Package csquotes Info: ... configuration file loaded successfully.

(C:\Users\cwbor\AppData\Local\Programs\MiKTeX\tex/latex/csquotes\csquotes.cfg
File: csquotes.cfg 
))
LaTeX Info: Redefining \. on input line 9.
LaTeX Info: Redefining \% on input line 9.
Package babel Info: 'spanish' activates 'spanish' shorthands.
(babel)             Reported on input line 9.
(C:\Users\cwbor\AppData\Local\Programs\MiKTeX\tex/latex/booktabs\booktabs.sty
Package: booktabs 2020/01/12 v1.61803398 Publication quality tables
\heavyrulewidth=\dimen303
\lightrulewidth=\dimen304
\cmidrulewidth=\dimen305
\belowrulesep=\dimen306
\belowbottomsep=\dimen307
\aboverulesep=\dimen308
\abovetopsep=\dimen309
\cmidrulesep=\dimen310
\cmidrulekern=\dimen311
\defaultaddspace=\dimen312
\@cmidla=\count367
\@cmidlb=\count368
\@aboverulesep=\dimen313
\@belowrulesep=\dimen314
\@thisruleclass=\count369
\@lastruleclass=\count370
\@thisrulewidth=\dimen315
)
(C:\Users\cwbor\AppData\Local\Programs\MiKTeX\tex/latex/adjustbox\adjustbox.sty
Package: adjustbox 2025/02/26 v1.3c Adjusting TeX boxes (trim, clip, ...)
(C:\Users\cwbor\AppData\Local\Programs\MiKTeX\tex/latex/xkeyval\xkeyval.sty
Package: xkeyval 2022/06/16 v2.9 package option processing (HA)

(C:\Users\cwbor\AppData\Local\Programs\MiKTeX\tex/generic/xkeyval\xkeyval.tex
(C:\Users\cwbor\AppData\Local\Programs\MiKTeX\tex/generic/xkeyval\xkvutils.tex
\XKV@toks=\toks50
\XKV@tempa@toks=\toks51
)
\XKV@depth=\count371
File: xkeyval.tex 2014/12/03 v2.7a key=value parser (HA)
))
(C:\Users\cwbor\AppData\Local\Programs\MiKTeX\tex/latex/adjustbox\adjcalc.sty
Package: adjcalc 2012/05/16 v1.1 Provides advanced setlength with multiple back
-ends (calc, etex, pgfmath)
)
(C:\Users\cwbor\AppData\Local\Programs\MiKTeX\tex/latex/adjustbox\trimclip.sty
Package: trimclip 2025/02/21 v1.2a Trim and clip general TeX material

(C:\Users\cwbor\AppData\Local\Programs\MiKTeX\tex/latex/collectbox\collectbox.s
ty
Package: collectbox 2022/10/17 v0.4c Collect macro arguments as boxes
\collectedbox=\box78
)
\tc@llx=\dimen316
\tc@lly=\dimen317
\tc@urx=\dimen318
\tc@ury=\dimen319
Package trimclip Info: Using driver 'tc-pdftex.def'.

(C:\Users\cwbor\AppData\Local\Programs\MiKTeX\tex/latex/adjustbox\tc-pdftex.def
File: tc-pdftex.def 2025/02/26 v2.3 Clipping driver for pdftex
))
\adjbox@Width=\dimen320
\adjbox@Height=\dimen321
\adjbox@Depth=\dimen322
\adjbox@Totalheight=\dimen323
\adjbox@pwidth=\dimen324
\adjbox@pheight=\dimen325
\adjbox@pdepth=\dimen326
\adjbox@ptotalheight=\dimen327

(C:\Users\cwbor\AppData\Local\Programs\MiKTeX\tex/latex/ifoddpage\ifoddpage.sty
Package: ifoddpage 2022/10/18 v1.2 Conditionals for odd/even page detection
\c@checkoddpage=\count372
) (C:\Users\cwbor\AppData\Local\Programs\MiKTeX\tex/latex/varwidth\varwidth.sty
Package: varwidth 2009/03/30 ver 0.92;  Variable-width minipages
\@vwid@box=\box79
\sift@deathcycles=\count373
\@vwid@loff=\dimen328
\@vwid@roff=\dimen329
)
==> First Aid for varwidth.sty applied!
) (C:\Users\cwbor\AppData\Local\Programs\MiKTeX\tex/latex/ragged2e\ragged2e.sty
Package: ragged2e 2023/06/22 v3.6 ragged2e Package
\CenteringLeftskip=\skip67
\RaggedLeftLeftskip=\skip68
\RaggedRightLeftskip=\skip69
\CenteringRightskip=\skip70
\RaggedLeftRightskip=\skip71
\RaggedRightRightskip=\skip72
\CenteringParfillskip=\skip73
\RaggedLeftParfillskip=\skip74
\RaggedRightParfillskip=\skip75
\JustifyingParfillskip=\skip76
\CenteringParindent=\skip77
\RaggedLeftParindent=\skip78
\RaggedRightParindent=\skip79
\JustifyingParindent=\skip80
)
(C:\Users\cwbor\AppData\Local\Programs\MiKTeX\tex/latex/pgf/frontendlayer\tikz.
sty
(C:\Users\cwbor\AppData\Local\Programs\MiKTeX\tex/latex/pgf/basiclayer\pgf.sty
Package: pgf 2025-08-29 v3.1.11a (3.1.11a)

(C:\Users\cwbor\AppData\Local\Programs\MiKTeX\tex/generic/pgf/modules\pgfmodule
shapes.code.tex
File: pgfmoduleshapes.code.tex 2025-08-29 v3.1.11a (3.1.11a)
\pgfnodeparttextbox=\box80
)
(C:\Users\cwbor\AppData\Local\Programs\MiKTeX\tex/generic/pgf/modules\pgfmodule
plot.code.tex
File: pgfmoduleplot.code.tex 2025-08-29 v3.1.11a (3.1.11a)
)
(C:\Users\cwbor\AppData\Local\Programs\MiKTeX\tex/latex/pgf/compatibility\pgfco
mp-version-0-65.sty
Package: pgfcomp-version-0-65 2025-08-29 v3.1.11a (3.1.11a)
\pgf@nodesepstart=\dimen330
\pgf@nodesepend=\dimen331
)
(C:\Users\cwbor\AppData\Local\Programs\MiKTeX\tex/latex/pgf/compatibility\pgfco
mp-version-1-18.sty
Package: pgfcomp-version-1-18 2025-08-29 v3.1.11a (3.1.11a)
))
(C:\Users\cwbor\AppData\Local\Programs\MiKTeX\tex/latex/pgf/utilities\pgffor.st
y
(C:\Users\cwbor\AppData\Local\Programs\MiKTeX\tex/generic/pgf/utilities\pgffor.
code.tex
Package: pgffor 2025-08-29 v3.1.11a (3.1.11a)
\pgffor@iter=\dimen332
\pgffor@skip=\dimen333
\pgffor@stack=\toks52
\pgffor@toks=\toks53
))
(C:\Users\cwbor\AppData\Local\Programs\MiKTeX\tex/generic/pgf/frontendlayer/tik
z\tikz.code.tex
Package: tikz 2025-08-29 v3.1.11a (3.1.11a)

(C:\Users\cwbor\AppData\Local\Programs\MiKTeX\tex/generic/pgf/libraries\pgflibr
aryplothandlers.code.tex
File: pgflibraryplothandlers.code.tex 2025-08-29 v3.1.11a (3.1.11a)
\pgf@plot@mark@count=\count374
\pgfplotmarksize=\dimen334
)
\tikz@lastx=\dimen335
\tikz@lasty=\dimen336
\tikz@lastxsaved=\dimen337
\tikz@lastysaved=\dimen338
\tikz@lastmovetox=\dimen339
\tikz@lastmovetoy=\dimen340
\tikzleveldistance=\dimen341
\tikzsiblingdistance=\dimen342
\tikz@figbox=\box81
\tikz@figbox@bg=\box82
\tikz@tempbox=\box83
\tikz@tempbox@bg=\box84
\tikztreelevel=\count375
\tikznumberofchildren=\count376
\tikznumberofcurrentchild=\count377
\tikz@fig@count=\count378

(C:\Users\cwbor\AppData\Local\Programs\MiKTeX\tex/generic/pgf/modules\pgfmodule
matrix.code.tex
File: pgfmodulematrix.code.tex 2025-08-29 v3.1.11a (3.1.11a)
\pgfmatrixcurrentrow=\count379
\pgfmatrixcurrentcolumn=\count380
\pgf@matrix@numberofcolumns=\count381
)
\tikz@expandcount=\count382

(C:\Users\cwbor\AppData\Local\Programs\MiKTeX\tex/generic/pgf/frontendlayer/tik
z/libraries\tikzlibrarytopaths.code.tex
File: tikzlibrarytopaths.code.tex 2025-08-29 v3.1.11a (3.1.11a)
)))
(C:\Users\cwbor\AppData\Local\Programs\MiKTeX\tex/generic/pgf/frontendlayer/tik
z/libraries\tikzlibrarycalc.code.tex
File: tikzlibrarycalc.code.tex 2025-08-29 v3.1.11a (3.1.11a)
)
(C:\Users\cwbor\AppData\Local\Programs\MiKTeX\tex/generic/pgf/frontendlayer/tik
z/libraries\tikzlibrarypositioning.code.tex
File: tikzlibrarypositioning.code.tex 2025-08-29 v3.1.11a (3.1.11a)
)
(C:\Users\cwbor\AppData\Local\Programs\MiKTeX\tex/generic/pgf/libraries\pgflibr
aryarrows.meta.code.tex
File: pgflibraryarrows.meta.code.tex 2025-08-29 v3.1.11a (3.1.11a)
\pgfarrowinset=\dimen343
\pgfarrowlength=\dimen344
\pgfarrowwidth=\dimen345
\pgfarrowlinewidth=\dimen346
)
(C:\Users\cwbor\AppData\Local\Programs\MiKTeX\tex/generic/pgf/frontendlayer/tik
z/libraries\tikzlibraryshapes.geometric.code.tex
File: tikzlibraryshapes.geometric.code.tex 2025-08-29 v3.1.11a (3.1.11a)

(C:\Users\cwbor\AppData\Local\Programs\MiKTeX\tex/generic/pgf/libraries/shapes\
pgflibraryshapes.geometric.code.tex
File: pgflibraryshapes.geometric.code.tex 2025-08-29 v3.1.11a (3.1.11a)
))
(C:\Users\cwbor\AppData\Local\Programs\MiKTeX\tex/generic/pgf/frontendlayer/tik
z/libraries\tikzlibraryshapes.code.tex
File: tikzlibraryshapes.code.tex 2025-08-29 v3.1.11a (3.1.11a)

(C:\Users\cwbor\AppData\Local\Programs\MiKTeX\tex/generic/pgf/frontendlayer/tik
z/libraries\tikzlibraryshapes.misc.code.tex
File: tikzlibraryshapes.misc.code.tex 2025-08-29 v3.1.11a (3.1.11a)

(C:\Users\cwbor\AppData\Local\Programs\MiKTeX\tex/generic/pgf/libraries/shapes\
pgflibraryshapes.misc.code.tex
File: pgflibraryshapes.misc.code.tex 2025-08-29 v3.1.11a (3.1.11a)
))
(C:\Users\cwbor\AppData\Local\Programs\MiKTeX\tex/generic/pgf/frontendlayer/tik
z/libraries\tikzlibraryshapes.symbols.code.tex
File: tikzlibraryshapes.symbols.code.tex 2025-08-29 v3.1.11a (3.1.11a)

(C:\Users\cwbor\AppData\Local\Programs\MiKTeX\tex/generic/pgf/libraries/shapes\
pgflibraryshapes.symbols.code.tex
File: pgflibraryshapes.symbols.code.tex 2025-08-29 v3.1.11a (3.1.11a)
))
(C:\Users\cwbor\AppData\Local\Programs\MiKTeX\tex/generic/pgf/frontendlayer/tik
z/libraries\tikzlibraryshapes.arrows.code.tex
File: tikzlibraryshapes.arrows.code.tex 2025-08-29 v3.1.11a (3.1.11a)

(C:\Users\cwbor\AppData\Local\Programs\MiKTeX\tex/generic/pgf/libraries/shapes\
pgflibraryshapes.arrows.code.tex
File: pgflibraryshapes.arrows.code.tex 2025-08-29 v3.1.11a (3.1.11a)
))
(C:\Users\cwbor\AppData\Local\Programs\MiKTeX\tex/generic/pgf/frontendlayer/tik
z/libraries\tikzlibraryshapes.callouts.code.tex
(C:\Users\cwbor\AppData\Local\Programs\MiKTeX\tex/generic/pgf/libraries/shapes\
pgflibraryshapes.callouts.code.tex))
(C:\Users\cwbor\AppData\Local\Programs\MiKTeX\tex/generic/pgf/frontendlayer/tik
z/libraries\tikzlibraryshapes.multipart.code.tex
File: tikzlibraryshapes.multipart.code.tex 2025-08-29 v3.1.11a (3.1.11a)

(C:\Users\cwbor\AppData\Local\Programs\MiKTeX\tex/generic/pgf/libraries/shapes\
pgflibraryshapes.multipart.code.tex
File: pgflibraryshapes.multipart.code.tex 2025-08-29 v3.1.11a (3.1.11a)
\pgfnodepartlowerbox=\box85
\pgfnodeparttwobox=\box86
\pgfnodepartthreebox=\box87
\pgfnodepartfourbox=\box88
\pgfnodeparttwentybox=\box89
\pgfnodepartnineteenbox=\box90
\pgfnodeparteighteenbox=\box91
\pgfnodepartseventeenbox=\box92
\pgfnodepartsixteenbox=\box93
\pgfnodepartfifteenbox=\box94
\pgfnodepartfourteenbox=\box95
\pgfnodepartthirteenbox=\box96
\pgfnodeparttwelvebox=\box97
\pgfnodepartelevenbox=\box98
\pgfnodeparttenbox=\box99
\pgfnodepartninebox=\box100
\pgfnodeparteightbox=\box101
\pgfnodepartsevenbox=\box102
\pgfnodepartsixbox=\box103
\pgfnodepartfivebox=\box104
)))
(C:\Users\cwbor\AppData\Local\Programs\MiKTeX\tex/generic/pgf/frontendlayer/tik
z/libraries\tikzlibrarymatrix.code.tex
File: tikzlibrarymatrix.code.tex 2025-08-29 v3.1.11a (3.1.11a)
)
(C:\Users\cwbor\AppData\Local\Programs\MiKTeX\tex/generic/pgf/frontendlayer/tik
z/libraries\tikzlibraryfit.code.tex
File: tikzlibraryfit.code.tex 2025-08-29 v3.1.11a (3.1.11a)
)
(C:\Users\cwbor\AppData\Local\Programs\MiKTeX\tex/latex/colortbl\colortbl.sty
Package: colortbl 2026/05/01 v1.0l Color table columns (DPC)

(C:\Users\cwbor\AppData\Local\Programs\MiKTeX\tex/latex/tools\array.sty
Package: array 2025/09/25 v2.6n Tabular extension package (FMi)
\col@sep=\dimen347
\ar@mcellbox=\box105
\extrarowheight=\dimen348
\NC@list=\toks54
\extratabsurround=\skip81
\backup@length=\skip82
\ar@cellbox=\box106
)
\everycr=\toks55
\minrowclearance=\skip83
\rownum=\count383
)
(C:\Users\cwbor\AppData\Local\Programs\MiKTeX\tex/latex/multirow\multirow.sty
Package: multirow 2024/11/12 v2.9 Span multiple rows of a table
\multirow@colwidth=\skip84
\multirow@cntb=\count384
\multirow@dima=\skip85
\bigstrutjot=\dimen349
)
(C:\Users\cwbor\AppData\Local\Programs\MiKTeX\tex/latex/tabularray\tabularray.s
ty
Package: tabularray 2025-11-27 v2025C Typeset tabulars and arrays with LaTeX3

(C:\Users\cwbor\AppData\Local\Programs\MiKTeX\tex/latex/ninecolors\ninecolors.s
ty
Package: ninecolors 2022-02-13 v2022D Select colors with proper color contrast

(C:\Users\cwbor\AppData\Local\Programs\MiKTeX\tex/latex/l3packages/xparse\xpars
e.sty
(C:\Users\cwbor\AppData\Local\Programs\MiKTeX\tex/latex/l3kernel\expl3.sty
Package: expl3 2025-12-24 L3 programming layer (loader) 

(C:\Users\cwbor\AppData\Local\Programs\MiKTeX\tex/latex/l3backend\l3backend-pdf
tex.def
File: l3backend-pdftex.def 2025-10-09 L3 backend support: PDF output (pdfTeX)
\l__color_backend_stack_int=\count385
))
Package: xparse 2025-10-09 L3 Experimental document command parser
))
\g__tblr_nohyper_int=\count386
\l__tblr_a_int=\count387
\l__tblr_c_int=\count388
\l__tblr_r_int=\count389
\l__tblr_d_dim=\dimen350
\l__tblr_h_dim=\dimen351
\l__tblr_o_dim=\dimen352
\l__tblr_p_dim=\dimen353
\l__tblr_q_dim=\dimen354
\l__tblr_r_dim=\dimen355
\l__tblr_s_dim=\dimen356
\l__tblr_t_dim=\dimen357
\l__tblr_v_dim=\dimen358
\l__tblr_w_dim=\dimen359
\l__tblr_a_box=\box107
\l__tblr_b_box=\box108
\l__tblr_c_box=\box109
\l__tblr_d_box=\box110
\c@tblrcount=\count390
\c@colnum=\count391
\c@rowcount=\count392
\c@colcount=\count393
\abovesep=\dimen360
\belowsep=\dimen361
\leftsep=\dimen362
\rightsep=\dimen363
\gTblrLevelInt=\count394
\g__tblr_data_row_key_count_int=\count395
\g__tblr_data_column_key_count_int=\count396
\g__tblr_data_cell_key_count_int=\count397
\g__tblr_array_int=\count398
\l__tblr_key_count_int=\count399
\l__tblr_key_quotient_int=\count400
\l__tblr_key_quotient_two_int=\count401
\l__tblr_key_remainder_int=\count402
\g__tblr_data_str_value_count_int=\count403
\lTblrChildTotalInt=\count404
\lTblrChildHtotalInt=\count405
\lTblrChildVtotalInt=\count406
\l__child_diff_h_int=\count407
\l__child_diff_v_int=\count408
\l__child_sign_h_int=\count409
\l__child_sign_v_int=\count410
\l__child_step_int=\count411
\lTblrDefaultHruleWidthDim=\dimen364
\lTblrDefaultVruleWidthDim=\dimen365
\l__tblr_split_balance_int=\count412
\l__tblr_strut_dp_dim=\dimen366
\l__tblr_strut_ht_dim=\dimen367
\g__tblr_cell_wd_dim=\dimen368
\g__tblr_cell_ht_dim=\dimen369
\g__tblr_cell_head_dim=\dimen370
\g__tblr_cell_foot_dim=\dimen371
\l__tblr_measured_cell_box=\box111
\g__tblr_last_box=\box112
\l__tblr_temp_box=\box113
\l__tblr_column_target_dim=\dimen372
\l__tblr_hfuzz_dim=\dimen373
\l__tblr_caption_box=\box114
\l__tblr_caption_left_box=\box115
\lTblrRowHeadInt=\count413
\lTblrRowFootInt=\count414
\l__tblr_row_head_box=\box116
\l__tblr_row_foot_box=\box117
\l__tblr_row_head_foot_dim=\dimen374
\lTblrTableWidthDim=\dimen375
\l__tblr_table_firsthead_box=\box118
\l__tblr_table_middlehead_box=\box119
\l__tblr_table_lasthead_box=\box120
\l__tblr_table_firstfoot_box=\box121
\l__tblr_table_middlefoot_box=\box122
\l__tblr_table_lastfoot_box=\box123
\l__tblr_remain_height_dim=\dimen376
\l__tblr_next_rows_dim=\dimen377
\l__tblr_page_overfill_dim=\dimen378
\l__tblr_long_from_int=\count415
\l__tblr_long_to_int=\count416
\l__tblr_curr_i_int=\count417
\l__tblr_prev_i_int=\count418
\lTblrTablePageInt=\count419
\l__tblr_table_head_box=\box124
\l__tblr_table_foot_box=\box125
\l__tblr_table_head_foot_dim=\dimen379
\l__tblr_table_head_body_foot_dim=\dimen380
\l__tblr_table_box=\box126
\lTblrRowFirstInt=\count420
\lTblrRowLastInt=\count421
\l__tblr_cover_box_a_dim=\dimen381
\l__tblr_cover_box_b_dim=\dimen382
\l__tblr_table_hlines_box=\box127
\l__tblr_hline_box=\box128
\l__tblr_row_box=\box129
\l__tblr_col_o_wd_dim=\dimen383
\l__tblr_col_b_wd_dim=\dimen384
\l__tblr_hline_leftskip_dim=\dimen385
\l__tblr_hline_rightskip_dim=\dimen386
\l__tblr_row_ht_dim=\dimen387
\l__tblr_row_dp_dim=\dimen388
\l__tblr_row_abovesep_dim=\dimen389
\l__tblr_row_belowsep_dim=\dimen390
\l__tblr_row_vlines_box=\box130
\l__tblr_vline_box=\box131
\l__tblr_cell_box=\box132
\l__tblr_row_upper_dim=\dimen391
\l__tblr_row_lower_dim=\dimen392
\l__tblr_row_vpace_dim=\dimen393
\l__tblr_vline_aboveskip_dim=\dimen394
\l__tblr_vline_belowskip_dim=\dimen395
\lTblrCellRowSpanInt=\count422
\lTblrCellColSpanInt=\count423
\l__tblr_cell_wd_dim=\dimen396
\l__tblr_cell_ht_dim=\dimen397
\lTblrCellAboveBorderWidthDim=\dimen398
\lTblrCellBelowBorderWidthDim=\dimen399
\lTblrCellLeftBorderWidthDim=\dimen400
\lTblrCellRightBorderWidthDim=\dimen401
\l__tblr_diag_box=\box133
\l__tblr_cell_inner_wd_dim=\dimen402
\l__tblr_cell_inner_dp_dim=\dimen403
\l__tblr_cell_hanchor_dim=\dimen404
\l__tblr_last_cell_table_ht_dim=\dimen405
\l__tblr_last_cell_table_dp_dim=\dimen406
\l__tblr_last_vline_wd_dim=\dimen407
\l__tblr_tikz_node_box=\box134
)
(C:\Users\cwbor\AppData\Local\Programs\MiKTeX\tex/latex/tools\multicol.sty
Package: multicol 2025/10/21 v2.0b multicolumn formatting (FMi)
\c@tracingmulticols=\count424
\mult@box=\box135
\multicol@leftmargin=\dimen408
\c@unbalance=\count425
\c@collectmore=\count426
\doublecol@number=\count427
\multicoltolerance=\count428
\multicolpretolerance=\count429
\full@width=\dimen409
\page@free=\dimen410
\premulticols=\dimen411
\postmulticols=\dimen412
\multicolsep=\skip86
\multicolbaselineskip=\skip87
\partial@page=\box136
\last@line=\box137
\mc@boxedresult=\box138
\maxbalancingoverflow=\dimen413
\mult@rightbox=\box139
\mult@grightbox=\box140
\mult@firstbox=\box141
\mult@gfirstbox=\box142
\@tempa=\box143
\@tempa=\box144
\@tempa=\box145
\@tempa=\box146
\@tempa=\box147
\@tempa=\box148
\@tempa=\box149
\@tempa=\box150
\@tempa=\box151
\@tempa=\box152
\@tempa=\box153
\@tempa=\box154
\@tempa=\box155
\@tempa=\box156
\@tempa=\box157
\@tempa=\box158
\@tempa=\box159
\@tempa=\box160
\@tempa=\box161
\@tempa=\box162
\@tempa=\box163
\@tempa=\box164
\@tempa=\box165
\@tempa=\box166
\@tempa=\box167
\@tempa=\box168
\@tempa=\box169
\@tempa=\box170
\@tempa=\box171
\@tempa=\box172
\@tempa=\box173
\@tempa=\box174
\@tempa=\box175
\@tempa=\box176
\@tempa=\box177
\@tempa=\box178
\c@minrows=\count430
\c@columnbadness=\count431
\c@finalcolumnbadness=\count432
\last@try=\dimen414
\multicolovershoot=\dimen415
\multicolundershoot=\dimen416
\mult@nat@firstbox=\box179
\colbreak@box=\box180
\mc@col@check@num=\count433
\g__mc_curr_col_int=\count434
)
(C:\Users\cwbor\AppData\Local\Programs\MiKTeX\tex/latex/beamer\beamerthemeMadri
d.sty
(C:\Users\cwbor\AppData\Local\Programs\MiKTeX\tex/latex/beamer\beamercolortheme
whale.sty)
(C:\Users\cwbor\AppData\Local\Programs\MiKTeX\tex/latex/beamer\beamercolortheme
orchid.sty)
(C:\Users\cwbor\AppData\Local\Programs\MiKTeX\tex/latex/beamer\beamerinnertheme
rounded.sty)
(C:\Users\cwbor\AppData\Local\Programs\MiKTeX\tex/latex/beamer\beameroutertheme
infolines.sty))
(C:\Users\cwbor\AppData\Local\Programs\MiKTeX\tex/latex/beamer\beamercolortheme
dolphin.sty)

Package hyperref Warning: Token not allowed in a PDF string (Unicode):
(hyperref)                \hskip 10.88002pt
(hyperref)                replaced by space on input line 164.


Package hyperref Warning: Token not allowed in a PDF string (Unicode):
(hyperref)                removing `\\' on input line 164.


Package hyperref Warning: Token not allowed in a PDF string (Unicode):
(hyperref)                removing `\\' on input line 164.


Package hyperref Warning: Token not allowed in a PDF string (Unicode):
(hyperref)                removing `\\' on input line 164.


Package hyperref Warning: Token not allowed in a PDF string (Unicode):
(hyperref)                removing `\new@ifnextchar' on input line 169.


Package hyperref Warning: Token not allowed in a PDF string (Unicode):
(hyperref)                removing `\leavevmode@ifvmode' on input line 169.


Package hyperref Warning: Token not allowed in a PDF string (Unicode):
(hyperref)                \kern 1.81372pt
(hyperref)                removed on input line 169.

Package csquotes Info: Checking for multilingual support...
Package csquotes Info: ... found 'babel' package.
Package csquotes Info: Adjusting default style.
Package csquotes Info: Redefining alias 'default' -> 'spanish'.
LaTeX Font Info:    Trying to load font information for T1+lmss on input line 1
69.
(C:\Users\cwbor\AppData\Local\Programs\MiKTeX\tex/latex/lm\t1lmss.fd
File: t1lmss.fd 2015/05/01 v1.6.1 Font defs for Latin Modern
)
(Presentacion_70_Reordenado.aux
LaTeX Info: Redefining \. on input line 11.
LaTeX Info: Redefining \% on input line 11.
LaTeX Info: Redefining \. on input line 13.
LaTeX Info: Redefining \% on input line 13.
)
\openout1 = `Presentacion_70_Reordenado.aux'.

LaTeX Font Info:    Checking defaults for OML/cmm/m/it on input line 169.
LaTeX Font Info:    ... okay on input line 169.
LaTeX Font Info:    Checking defaults for OMS/cmsy/m/n on input line 169.
LaTeX Font Info:    ... okay on input line 169.
LaTeX Font Info:    Checking defaults for OT1/cmr/m/n on input line 169.
LaTeX Font Info:    ... okay on input line 169.
LaTeX Font Info:    Checking defaults for T1/cmr/m/n on input line 169.
LaTeX Font Info:    ... okay on input line 169.
LaTeX Font Info:    Checking defaults for TS1/cmr/m/n on input line 169.
LaTeX Font Info:    ... okay on input line 169.
LaTeX Font Info:    Checking defaults for OMX/cmex/m/n on input line 169.
LaTeX Font Info:    ... okay on input line 169.
LaTeX Font Info:    Checking defaults for U/cmr/m/n on input line 169.
LaTeX Font Info:    ... okay on input line 169.
LaTeX Font Info:    Checking defaults for PD1/pdf/m/n on input line 169.
LaTeX Font Info:    ... okay on input line 169.
LaTeX Font Info:    Checking defaults for PU/pdf/m/n on input line 169.
LaTeX Font Info:    ... okay on input line 169.

*geometry* driver: auto-detecting
*geometry* detected driver: pdftex
*geometry* verbose mode - [ preamble ] result:
* driver: pdftex
* paper: custom
* layout: <same size as paper>
* layoutoffset:(h,v)=(0.0pt,0.0pt)
* modes: includehead includefoot 
* h-part:(L,W,R)=(73.97733pt, 369.88583pt, 11.38092pt)
* v-part:(T,H,B)=(0.0pt, 256.0748pt, 0.0pt)
* \paperwidth=455.24408pt
* \paperheight=256.0748pt
* \textwidth=369.88583pt
* \textheight=227.62207pt
* \oddsidemargin=1.70734pt
* \evensidemargin=1.70734pt
* \topmargin=-72.26999pt
* \headheight=14.22636pt
* \headsep=0.0pt
* \topskip=11.0pt
* \footskip=14.22636pt
* \marginparwidth=4.0pt
* \marginparsep=10.0pt
* \columnsep=10.0pt
* \skip\footins=10.0pt plus 4.0pt minus 2.0pt
* \hoffset=0.0pt
* \voffset=0.0pt
* \mag=1000
* \@twocolumnfalse
* \@twosidefalse
* \@mparswitchfalse
* \@reversemarginfalse
* (1in=72.27pt=25.4mm, 1cm=28.453pt)


(C:\Users\cwbor\AppData\Local\Programs\MiKTeX\tex/context/base/mkii\supp-pdf.mk
ii
[Loading MPS to PDF converter (version 2006.09.02).]
\scratchcounter=\count435
\scratchdimen=\dimen417
\scratchbox=\box181
\nofMPsegments=\count436
\nofMParguments=\count437
\everyMPshowfont=\toks56
\MPscratchCnt=\count438
\MPscratchDim=\dimen418
\MPnumerator=\count439
\makeMPintoPDFobject=\count440
\everyMPtoPDFconversion=\toks57
)
(C:\Users\cwbor\AppData\Local\Programs\MiKTeX\tex/latex/epstopdf-pkg\epstopdf-b
ase.sty
Package: epstopdf-base 2020-01-24 v2.11 Base part for package epstopdf
Package epstopdf-base Info: Redefining graphics rule for `.eps' on input line 4
85.

(C:\Users\cwbor\AppData\Local\Programs\MiKTeX\tex/latex/00miktex\epstopdf-sys.c
fg
File: epstopdf-sys.cfg 2021/03/18 v2.0 Configuration of epstopdf for MiKTeX
))
Package hyperref Info: Link coloring OFF on input line 169.
 (Presentacion_70_Reordenado.out) (Presentacion_70_Reordenado.out)
\@outlinefile=\write5
\openout5 = `Presentacion_70_Reordenado.out'.

LaTeX Font Info:    Overwriting symbol font `operators' in version `normal'
(Font)                  OT1/lmr/m/n --> OT1/cmss/m/n on input line 169.
LaTeX Font Info:    Overwriting symbol font `operators' in version `bold'
(Font)                  OT1/lmr/bx/n --> OT1/cmss/b/n on input line 169.
LaTeX Font Info:    Overwriting symbol font `operators' in version `normal'
(Font)                  OT1/cmss/m/n --> OT1/lmss/m/n on input line 169.
LaTeX Font Info:    Overwriting symbol font `operators' in version `bold'
(Font)                  OT1/cmss/b/n --> OT1/lmss/b/n on input line 169.
\symnumbers=\mathgroup6
\sympureletters=\mathgroup7
LaTeX Font Info:    Overwriting math alphabet `\mathrm' in version `normal'
(Font)                  OT1/lmss/m/n --> T1/lmr/m/n on input line 169.
LaTeX Font Info:    Redeclaring math alphabet \mathbf on input line 169.
LaTeX Font Info:    Overwriting math alphabet `\mathbf' in version `normal'
(Font)                  OT1/lmr/bx/n --> T1/lmss/b/n on input line 169.
LaTeX Font Info:    Overwriting math alphabet `\mathbf' in version `bold'
(Font)                  OT1/lmr/bx/n --> T1/lmss/b/n on input line 169.
LaTeX Font Info:    Redeclaring math alphabet \mathsf on input line 169.
LaTeX Font Info:    Overwriting math alphabet `\mathsf' in version `normal'
(Font)                  OT1/lmss/m/n --> T1/lmss/m/n on input line 169.
LaTeX Font Info:    Overwriting math alphabet `\mathsf' in version `bold'
(Font)                  OT1/lmss/bx/n --> T1/lmss/m/n on input line 169.
LaTeX Font Info:    Redeclaring math alphabet \mathit on input line 169.
LaTeX Font Info:    Overwriting math alphabet `\mathit' in version `normal'
(Font)                  OT1/lmr/m/it --> T1/lmss/m/it on input line 169.
LaTeX Font Info:    Overwriting math alphabet `\mathit' in version `bold'
(Font)                  OT1/lmr/bx/it --> T1/lmss/m/it on input line 169.
LaTeX Font Info:    Redeclaring math alphabet \mathtt on input line 169.
LaTeX Font Info:    Overwriting math alphabet `\mathtt' in version `normal'
(Font)                  OT1/lmtt/m/n --> T1/lmtt/m/n on input line 169.
LaTeX Font Info:    Overwriting math alphabet `\mathtt' in version `bold'
(Font)                  OT1/lmtt/m/n --> T1/lmtt/m/n on input line 169.
LaTeX Font Info:    Overwriting symbol font `numbers' in version `bold'
(Font)                  T1/lmss/m/n --> T1/lmss/b/n on input line 169.
LaTeX Font Info:    Overwriting symbol font `pureletters' in version `bold'
(Font)                  T1/lmss/m/it --> T1/lmss/b/it on input line 169.
LaTeX Font Info:    Overwriting math alphabet `\mathrm' in version `bold'
(Font)                  OT1/lmss/b/n --> T1/lmr/b/n on input line 169.
LaTeX Font Info:    Overwriting math alphabet `\mathbf' in version `bold'
(Font)                  T1/lmss/b/n --> T1/lmss/b/n on input line 169.
LaTeX Font Info:    Overwriting math alphabet `\mathsf' in version `bold'
(Font)                  T1/lmss/m/n --> T1/lmss/b/n on input line 169.
LaTeX Font Info:    Overwriting math alphabet `\mathit' in version `bold'
(Font)                  T1/lmss/m/it --> T1/lmss/b/it on input line 169.
LaTeX Font Info:    Overwriting math alphabet `\mathtt' in version `bold'
(Font)                  T1/lmtt/m/n --> T1/lmtt/b/n on input line 169.

(C:\Users\cwbor\AppData\Local\Programs\MiKTeX\tex/latex/translator\translator-b
asic-dictionary-English.dict
Dictionary: translator-basic-dictionary, Language: English 
)
(C:\Users\cwbor\AppData\Local\Programs\MiKTeX\tex/latex/translator\translator-b
ibliography-dictionary-English.dict
Dictionary: translator-bibliography-dictionary, Language: English 
)
(C:\Users\cwbor\AppData\Local\Programs\MiKTeX\tex/latex/translator\translator-e
nvironment-dictionary-English.dict
Dictionary: translator-environment-dictionary, Language: English 
)
(C:\Users\cwbor\AppData\Local\Programs\MiKTeX\tex/latex/translator\translator-m
onths-dictionary-English.dict
Dictionary: translator-months-dictionary, Language: English 
)
(C:\Users\cwbor\AppData\Local\Programs\MiKTeX\tex/latex/translator\translator-n
umbers-dictionary-English.dict
Dictionary: translator-numbers-dictionary, Language: English 
)
(C:\Users\cwbor\AppData\Local\Programs\MiKTeX\tex/latex/translator\translator-t
heorem-dictionary-English.dict
Dictionary: translator-theorem-dictionary, Language: English 
)
LaTeX Info: Redefining \. on input line 169.
LaTeX Info: Redefining \% on input line 169.
 (Presentacion_70_Reordenado.nav)
LaTeX Font Info:    Trying to load font information for TS1+lmss on input line 
169.

(C:\Users\cwbor\AppData\Local\Programs\MiKTeX\tex/latex/lm\ts1lmss.fd
File: ts1lmss.fd 2015/05/01 v1.6.1 Font defs for Latin Modern
)
Overfull \vbox (0.5412pt too high) detected at line 182
 []

<../Figuras/Lamina.png, id=100, 963.6pt x 542.025pt>
File: ../Figuras/Lamina.png Graphic file (type png)
<use ../Figuras/Lamina.png>
Package pdftex.def Info: ../Figuras/Lamina.png  used on input line 182.
(pdftex.def)             Requested size: 455.2446pt x 245.83604pt.
[1

{C:/Users/cwbor/AppData/Local/MiKTeX/fonts/map/pdftex/pdftex.map}{C:/Users/cwbo
r/AppData/Local/Programs/MiKTeX/fonts/enc/dvips/lm/lm-ec.enc}{C:/Users/cwbor/Ap
pData/Local/Programs/MiKTeX/fonts/enc/dvips/lm/lm-ts1.enc} <../Figuras/Lamina.p
ng>] (Presentacion_70_Reordenado.toc
LaTeX Info: Redefining \. on input line 1.
LaTeX Info: Redefining \% on input line 1.
LaTeX Info: Redefining \. on input line 2.
LaTeX Info: Redefining \% on input line 2.
)
LaTeX Font Info:    Trying to load font information for OT1+lmss on input line 
193.

(C:\Users\cwbor\AppData\Local\Programs\MiKTeX\tex/latex/lm\ot1lmss.fd
File: ot1lmss.fd 2015/05/01 v1.6.1 Font defs for Latin Modern
)
LaTeX Font Info:    Trying to load font information for OML+lmm on input line 1
93.

(C:\Users\cwbor\AppData\Local\Programs\MiKTeX\tex/latex/lm\omllmm.fd
File: omllmm.fd 2015/05/01 v1.6.1 Font defs for Latin Modern
)
LaTeX Font Info:    Trying to load font information for OMS+lmsy on input line 
193.

(C:\Users\cwbor\AppData\Local\Programs\MiKTeX\tex/latex/lm\omslmsy.fd
File: omslmsy.fd 2015/05/01 v1.6.1 Font defs for Latin Modern
)
LaTeX Font Info:    Trying to load font information for OMX+lmex on input line 
193.

(C:\Users\cwbor\AppData\Local\Programs\MiKTeX\tex/latex/lm\omxlmex.fd
File: omxlmex.fd 2015/05/01 v1.6.1 Font defs for Latin Modern
)
LaTeX Font Info:    External font `lmex10' loaded for size
(Font)              <14.4> on input line 193.
LaTeX Font Info:    External font `lmex10' loaded for size
(Font)              <10> on input line 193.
LaTeX Font Info:    External font `lmex10' loaded for size
(Font)              <7> on input line 193.
LaTeX Font Info:    Trying to load font information for U+msa on input line 193
.

(C:\Users\cwbor\AppData\Local\Programs\MiKTeX\tex/latex/amsfonts\umsa.fd
File: umsa.fd 2013/01/14 v3.01 AMS symbols A
)
LaTeX Font Info:    Trying to load font information for U+msb on input line 193
.

(C:\Users\cwbor\AppData\Local\Programs\MiKTeX\tex/latex/amsfonts\umsb.fd
File: umsb.fd 2013/01/14 v3.01 AMS symbols B
)
LaTeX Font Info:    Font shape `T1/lmss/m/it' in size <14.4> not available
(Font)              Font shape `T1/lmss/m/sl' tried instead on input line 193.
LaTeX Font Info:    Font shape `T1/lmss/m/it' in size <10> not available
(Font)              Font shape `T1/lmss/m/sl' tried instead on input line 193.
LaTeX Font Info:    Font shape `T1/lmss/m/it' in size <7> not available
(Font)              Font shape `T1/lmss/m/sl' tried instead on input line 193.
File: ../Figuras/Lamina.png Graphic file (type png)
<use ../Figuras/Lamina.png>
Package pdftex.def Info: ../Figuras/Lamina.png  used on input line 193.
(pdftex.def)             Requested size: 455.2446pt x 245.83604pt.

[2

]
<../Figuras/slide03_fig01.png, id=169, 2107.875pt x 1067.99pt>
File: ../Figuras/slide03_fig01.png Graphic file (type png)
<use ../Figuras/slide03_fig01.png>
Package pdftex.def Info: ../Figuras/slide03_fig01.png  used on input line 230.
(pdftex.def)             Requested size: 155.3499pt x 78.71062pt.
File: ../Figuras/Lamina.png Graphic file (type png)
<use ../Figuras/Lamina.png>
Package pdftex.def Info: ../Figuras/Lamina.png  used on input line 230.
(pdftex.def)             Requested size: 455.2446pt x 245.83604pt.
 [3

 <../Figuras/slide03_fig01.png>]
Overfull \vbox (3.31747pt too high) detected at line 269
 []

File: ../Figuras/Lamina.png Graphic file (type png)
<use ../Figuras/Lamina.png>
Package pdftex.def Info: ../Figuras/Lamina.png  used on input line 269.
(pdftex.def)             Requested size: 455.2446pt x 245.83604pt.
[4

]
LaTeX Font Info:    External font `lmex10' loaded for size
(Font)              <9> on input line 299.
LaTeX Font Info:    External font `lmex10' loaded for size
(Font)              <6> on input line 299.
LaTeX Font Info:    External font `lmex10' loaded for size
(Font)              <5> on input line 299.
LaTeX Font Info:    Font shape `T1/lmss/m/it' in size <9> not available
(Font)              Font shape `T1/lmss/m/sl' tried instead on input line 299.
LaTeX Font Info:    Font shape `T1/lmss/m/it' in size <6> not available
(Font)              Font shape `T1/lmss/m/sl' tried instead on input line 299.
LaTeX Font Info:    Font shape `T1/lmss/m/it' in size <5> not available
(Font)              Font shape `T1/lmss/m/sl' tried instead on input line 299.
File: ../Figuras/Lamina.png Graphic file (type png)
<use ../Figuras/Lamina.png>
Package pdftex.def Info: ../Figuras/Lamina.png  used on input line 299.
(pdftex.def)             Requested size: 455.2446pt x 245.83604pt.
 [5

{C:/Users/cwbor/AppData/Local/Programs/MiKTeX/fonts/enc/dvips/lm/lm-mathsy.enc}
]
<../Figuras/diapo6.png, id=200, 415.5525pt x 498.36188pt>
File: ../Figuras/diapo6.png Graphic file (type png)
<use ../Figuras/diapo6.png>
Package pdftex.def Info: ../Figuras/diapo6.png  used on input line 316.
(pdftex.def)             Requested size: 147.7536pt x 177.20168pt.
File: ../Figuras/Lamina.png Graphic file (type png)
<use ../Figuras/Lamina.png>
Package pdftex.def Info: ../Figuras/Lamina.png  used on input line 316.
(pdftex.def)             Requested size: 455.2446pt x 245.83604pt.
 [6

 <../Figuras/diapo6.png>]
<../Figuras/metodologia.png, id=206, 891.33pt x 615.80063pt>
File: ../Figuras/metodologia.png Graphic file (type png)
<use ../Figuras/metodologia.png>
Package pdftex.def Info: ../Figuras/metodologia.png  used on input line 328.
(pdftex.def)             Requested size: 256.4798pt x 177.20168pt.
File: ../Figuras/Lamina.png Graphic file (type png)
<use ../Figuras/Lamina.png>
Package pdftex.def Info: ../Figuras/Lamina.png  used on input line 328.
(pdftex.def)             Requested size: 455.2446pt x 245.83604pt.
 [7

 <../Figuras/metodologia.png>]
<../Figuras/slide12_fig02.png, id=214, 1606.0pt x 1284.8pt>
File: ../Figuras/slide12_fig02.png Graphic file (type png)
<use ../Figuras/slide12_fig02.png>
Package pdftex.def Info: ../Figuras/slide12_fig02.png  used on input line 366.
(pdftex.def)             Requested size: 149.36136pt x 119.48907pt.

Overfull \vbox (4.61632pt too high) detected at line 366
 []

File: ../Figuras/Lamina.png Graphic file (type png)
<use ../Figuras/Lamina.png>
Package pdftex.def Info: ../Figuras/Lamina.png  used on input line 366.
(pdftex.def)             Requested size: 455.2446pt x 245.83604pt.
[8

 <../Figuras/slide12_fig02.png (PNG copy)>]
<../Figuras/slide13_fig03.png, id=219, 4047.12pt x 1996.45876pt>
File: ../Figuras/slide13_fig03.png Graphic file (type png)
<use ../Figuras/slide13_fig03.png>
Package pdftex.def Info: ../Figuras/slide13_fig03.png  used on input line 403.
(pdftex.def)             Requested size: 138.3907pt x 68.26863pt.
<../Figuras/slide13_fig04.png, id=220, 1806.75pt x 1276.77pt>
File: ../Figuras/slide13_fig04.png Graphic file (type png)
<use ../Figuras/slide13_fig04.png>
Package pdftex.def Info: ../Figuras/slide13_fig04.png  used on input line 403.
(pdftex.def)             Requested size: 80.50075pt x 56.88719pt.

Overfull \vbox (2.60672pt too high) detected at line 403
 []

File: ../Figuras/Lamina.png Graphic file (type png)
<use ../Figuras/Lamina.png>
Package pdftex.def Info: ../Figuras/Lamina.png  used on input line 403.
(pdftex.def)             Requested size: 455.2446pt x 245.83604pt.
[9

{C:/Users/cwbor/AppData/Local/Programs/MiKTeX/fonts/enc/dvips/lm/lm-mathit.enc}
 <../Figuras/slide13_fig03.png> <../Figuras/slide13_fig04.png>]
<../Figuras/slide14_fig05.png.png, id=228, 563.10374pt x 403.9893pt>
File: ../Figuras/slide14_fig05.png.png Graphic file (type png)
<use ../Figuras/slide14_fig05.png.png>
Package pdftex.def Info: ../Figuras/slide14_fig05.png.png  used on input line 4
22.
(pdftex.def)             Requested size: 95.17645pt x 68.28275pt.
LaTeX Font Info:    External font `lmex10' loaded for size
(Font)              <8> on input line 422.
LaTeX Font Info:    Font shape `T1/lmss/m/it' in size <8> not available
(Font)              Font shape `T1/lmss/m/sl' tried instead on input line 422.
<../Figuras/slide14_fig06.png, id=229, 574.5465pt x 234.3957pt>
File: ../Figuras/slide14_fig06.png Graphic file (type png)
<use ../Figuras/slide14_fig06.png>
Package pdftex.def Info: ../Figuras/slide14_fig06.png  used on input line 422.
(pdftex.def)             Requested size: 139.48077pt x 56.90347pt.

Overfull \vbox (10.90382pt too high) detected at line 422
 []

File: ../Figuras/Lamina.png Graphic file (type png)
<use ../Figuras/Lamina.png>
Package pdftex.def Info: ../Figuras/Lamina.png  used on input line 422.
(pdftex.def)             Requested size: 455.2446pt x 245.83604pt.
[10

 <../Figuras/slide14_fig05.png.png> <../Figuras/slide14_fig06.png>]
<../Figuras/slide15_fig08.png, id=240, 1090.0725pt x 1453.43pt>
File: ../Figuras/slide15_fig08.png Graphic file (type png)
<use ../Figuras/slide15_fig08.png>
Package pdftex.def Info: ../Figuras/slide15_fig08.png  used on input line 459.
(pdftex.def)             Requested size: 89.61938pt x 119.49251pt.
File: ../Figuras/Lamina.png Graphic file (type png)
<use ../Figuras/Lamina.png>
Package pdftex.def Info: ../Figuras/Lamina.png  used on input line 459.
(pdftex.def)             Requested size: 455.2446pt x 245.83604pt.
 [11

 <../Figuras/slide15_fig08.png (PNG copy)>]
<../Figuras/slide16_fig09.png, id=245, 563.10374pt x 403.9893pt>
File: ../Figuras/slide16_fig09.png Graphic file (type png)
<use ../Figuras/slide16_fig09.png>
Package pdftex.def Info: ../Figuras/slide16_fig09.png  used on input line 497.
(pdftex.def)             Requested size: 95.17645pt x 68.28275pt.
<../Figuras/slide16_fig10.png, id=246, 686.565pt x 176.45924pt>
File: ../Figuras/slide16_fig10.png Graphic file (type png)
<use ../Figuras/slide16_fig10.png>
Package pdftex.def Info: ../Figuras/slide16_fig10.png  used on input line 497.
(pdftex.def)             Requested size: 192.34164pt x 49.43517pt.

Overfull \vbox (14.27948pt too high) detected at line 497
 []

File: ../Figuras/Lamina.png Graphic file (type png)
<use ../Figuras/Lamina.png>
Package pdftex.def Info: ../Figuras/Lamina.png  used on input line 497.
(pdftex.def)             Requested size: 455.2446pt x 245.83604pt.
[12

 <../Figuras/slide16_fig09.png> <../Figuras/slide16_fig10.png>]
<../Figuras/fig_lt01.png, id=253, 1810.765pt x 875.27pt>
File: ../Figuras/fig_lt01.png Graphic file (type png)
<use ../Figuras/fig_lt01.png>
Package pdftex.def Info: ../Figuras/fig_lt01.png  used on input line 537.
(pdftex.def)             Requested size: 155.33594pt x 75.08476pt.
File: ../Figuras/Lamina.png Graphic file (type png)
<use ../Figuras/Lamina.png>
Package pdftex.def Info: ../Figuras/Lamina.png  used on input line 537.
(pdftex.def)             Requested size: 455.2446pt x 245.83604pt.
 [13

 <../Figuras/fig_lt01.png (PNG copy)>]
<../Figuras/slide16_img6.png, id=261, 1006.51031pt x 822.82407pt>
File: ../Figuras/slide16_img6.png Graphic file (type png)
<use ../Figuras/slide16_img6.png>
Package pdftex.def Info: ../Figuras/slide16_img6.png  used on input line 582.
(pdftex.def)             Requested size: 83.51729pt x 68.27554pt.
<../Figuras/slide16_img7.png, id=262, 530.73282pt x 199.49532pt>
File: ../Figuras/slide16_img7.png Graphic file (type png)
<use ../Figuras/slide16_img7.png>
Package pdftex.def Info: ../Figuras/slide16_img7.png  used on input line 582.
(pdftex.def)             Requested size: 181.66962pt x 68.28716pt.

Overfull \vbox (8.76952pt too high) detected at line 582
 []

File: ../Figuras/Lamina.png Graphic file (type png)
<use ../Figuras/Lamina.png>
Package pdftex.def Info: ../Figuras/Lamina.png  used on input line 582.
(pdftex.def)             Requested size: 455.2446pt x 245.83604pt.
[14

{C:/Users/cwbor/AppData/Local/Programs/MiKTeX/fonts/enc/dvips/lm/lm-rm.enc} <..
/Figuras/slide16_img6.png> <../Figuras/slide16_img7.png>]
File: ../Figuras/Lamina.png Graphic file (type png)
<use ../Figuras/Lamina.png>
Package pdftex.def Info: ../Figuras/Lamina.png  used on input line 608.
(pdftex.def)             Requested size: 455.2446pt x 245.83604pt.
 [15

{C:/Users/cwbor/AppData/Local/Programs/MiKTeX/fonts/enc/dvips/lm/lm-mathex.enc}
]
File: ../Figuras/Lamina.png Graphic file (type png)
<use ../Figuras/Lamina.png>
Package pdftex.def Info: ../Figuras/Lamina.png  used on input line 637.
(pdftex.def)             Requested size: 455.2446pt x 245.83604pt.
 [16

]
File: ../Figuras/Lamina.png Graphic file (type png)
<use ../Figuras/Lamina.png>
Package pdftex.def Info: ../Figuras/Lamina.png  used on input line 665.
(pdftex.def)             Requested size: 455.2446pt x 245.83604pt.
 [17

]
File: ../Figuras/Lamina.png Graphic file (type png)
<use ../Figuras/Lamina.png>
Package pdftex.def Info: ../Figuras/Lamina.png  used on input line 716.
(pdftex.def)             Requested size: 455.2446pt x 245.83604pt.

[18

]
<../Figuras/fig02.png, id=289, 351.9549pt x 260.53336pt>
File: ../Figuras/fig02.png Graphic file (type png)
<use ../Figuras/fig02.png>
Package pdftex.def Info: ../Figuras/fig02.png  used on input line 751.
(pdftex.def)             Requested size: 69.18675pt x 51.21524pt.
<../Figuras/nch71_fig9.png, id=290, 495.8525pt x 627.34375pt>
File: ../Figuras/nch71_fig9.png Graphic file (type png)
<use ../Figuras/nch71_fig9.png>
Package pdftex.def Info: ../Figuras/nch71_fig9.png  used on input line 751.
(pdftex.def)             Requested size: 40.47858pt x 51.21277pt.
File: ../Figuras/Lamina.png Graphic file (type png)
<use ../Figuras/Lamina.png>
Package pdftex.def Info: ../Figuras/Lamina.png  used on input line 751.
(pdftex.def)             Requested size: 455.2446pt x 245.83604pt.
 [19

 <../Figuras/fig02.png> <../Figuras/nch71_fig9.png>]
<../Figuras/slide06_img4.png, id=300, 138.627pt x 129.7575pt>
File: ../Figuras/slide06_img4.png Graphic file (type png)
<use ../Figuras/slide06_img4.png>
Package pdftex.def Info: ../Figuras/slide06_img4.png  used on input line 789.
(pdftex.def)             Requested size: 54.7158pt x 51.21503pt.
<../Figuras/nch25_fig4_1.png, id=301, 520.94624pt x 695.59875pt>
File: ../Figuras/nch25_fig4_1.png Graphic file (type png)
<use ../Figuras/nch25_fig4_1.png>
Package pdftex.def Info: ../Figuras/nch25_fig4_1.png  used on input line 789.
(pdftex.def)             Requested size: 74.57741pt x 99.58025pt.

Overfull \vbox (10.78177pt too high) detected at line 789
 []

File: ../Figuras/Lamina.png Graphic file (type png)
<use ../Figuras/Lamina.png>
Package pdftex.def Info: ../Figuras/Lamina.png  used on input line 789.
(pdftex.def)             Requested size: 455.2446pt x 245.83604pt.
[20

 <../Figuras/slide06_img4.png> <../Figuras/nch25_fig4_1.png>]
File: ../Figuras/Lamina.png Graphic file (type png)
<use ../Figuras/Lamina.png>
Package pdftex.def Info: ../Figuras/Lamina.png  used on input line 837.
(pdftex.def)             Requested size: 455.2446pt x 245.83604pt.
 [21

]
File: ../Figuras/Lamina.png Graphic file (type png)
<use ../Figuras/Lamina.png>
Package pdftex.def Info: ../Figuras/Lamina.png  used on input line 889.
(pdftex.def)             Requested size: 455.2446pt x 245.83604pt.
 [22

]
<../Figuras/wind_Wx.png, id=317, 2061.20062pt x 858.95906pt>
File: ../Figuras/wind_Wx.png Graphic file (type png)
<use ../Figuras/wind_Wx.png>
Package pdftex.def Info: ../Figuras/wind_Wx.png  used on input line 902.
(pdftex.def)             Requested size: 341.37294pt x 142.25949pt.
File: ../Figuras/Lamina.png Graphic file (type png)
<use ../Figuras/Lamina.png>
Package pdftex.def Info: ../Figuras/Lamina.png  used on input line 902.
(pdftex.def)             Requested size: 455.2446pt x 245.83604pt.

[23

 <../Figuras/wind_Wx.png>]
<../Figuras/wind_Wy.png, id=324, 2052.16687pt x 934.24031pt>
File: ../Figuras/wind_Wy.png Graphic file (type png)
<use ../Figuras/wind_Wy.png>
Package pdftex.def Info: ../Figuras/wind_Wy.png  used on input line 915.
(pdftex.def)             Requested size: 312.47746pt x 142.25404pt.
File: ../Figuras/Lamina.png Graphic file (type png)
<use ../Figuras/Lamina.png>
Package pdftex.def Info: ../Figuras/Lamina.png  used on input line 915.
(pdftex.def)             Requested size: 455.2446pt x 245.83604pt.
 [24

 <../Figuras/wind_Wy.png>]
<../Figuras/fig_qz_zonas.png, id=331, 564.6696pt x 311.7246pt>
File: ../Figuras/fig_qz_zonas.png Graphic file (type png)
<use ../Figuras/fig_qz_zonas.png>
Package pdftex.def Info: ../Figuras/fig_qz_zonas.png  used on input line 935.
(pdftex.def)             Requested size: 251.51965pt x 138.85257pt.

Overfull \vbox (4.94308pt too high) detected at line 935
 []

File: ../Figuras/Lamina.png Graphic file (type png)
<use ../Figuras/Lamina.png>
Package pdftex.def Info: ../Figuras/Lamina.png  used on input line 935.
(pdftex.def)             Requested size: 455.2446pt x 245.83604pt.
[25

 <../Figuras/fig_qz_zonas.png>]
Overfull \vbox (4.63264pt too high) detected at line 968
 []

File: ../Figuras/Lamina.png Graphic file (type png)
<use ../Figuras/Lamina.png>
Package pdftex.def Info: ../Figuras/Lamina.png  used on input line 968.
(pdftex.def)             Requested size: 455.2446pt x 245.83604pt.
[26

]
Overfull \vbox (36.43924pt too high) detected at line 1008
 []

File: ../Figuras/Lamina.png Graphic file (type png)
<use ../Figuras/Lamina.png>
Package pdftex.def Info: ../Figuras/Lamina.png  used on input line 1008.
(pdftex.def)             Requested size: 455.2446pt x 245.83604pt.
[27

]
LaTeX Font Info:    Trying to load font information for T1+lmtt on input line 1
039.
 (C:\Users\cwbor\AppData\Local\Programs\MiKTeX\tex/latex/lm\t1lmtt.fd
File: t1lmtt.fd 2015/05/01 v1.6.1 Font defs for Latin Modern
)
Overfull \vbox (1.56187pt too high) detected at line 1039
 []

File: ../Figuras/Lamina.png Graphic file (type png)
<use ../Figuras/Lamina.png>
Package pdftex.def Info: ../Figuras/Lamina.png  used on input line 1039.
(pdftex.def)             Requested size: 455.2446pt x 245.83604pt.
[28

]
<../Figuras/fig04.png, id=356, 410.7345pt x 260.53336pt>
File: ../Figuras/fig04.png Graphic file (type png)
<use ../Figuras/fig04.png>
Package pdftex.def Info: ../Figuras/fig04.png  used on input line 1088.
(pdftex.def)             Requested size: 188.3949pt x 119.50093pt.

Overfull \vbox (4.27518pt too high) detected at line 1088
 []

File: ../Figuras/Lamina.png Graphic file (type png)
<use ../Figuras/Lamina.png>
Package pdftex.def Info: ../Figuras/Lamina.png  used on input line 1088.
(pdftex.def)             Requested size: 455.2446pt x 245.83604pt.
[29

 <../Figuras/fig04.png>]
<../Figuras/fig05.png, id=362, 410.7345pt x 260.53336pt>
File: ../Figuras/fig05.png Graphic file (type png)
<use ../Figuras/fig05.png>
Package pdftex.def Info: ../Figuras/fig05.png  used on input line 1137.
(pdftex.def)             Requested size: 188.3949pt x 119.50093pt.
File: ../Figuras/Lamina.png Graphic file (type png)
<use ../Figuras/Lamina.png>
Package pdftex.def Info: ../Figuras/Lamina.png  used on input line 1137.
(pdftex.def)             Requested size: 455.2446pt x 245.83604pt.
 [30

 <../Figuras/fig05.png>]
<../Figuras/espectros_comp.png, id=368, 505.89pt x 325.215pt>
File: ../Figuras/espectros_comp.png Graphic file (type png)
<use ../Figuras/espectros_comp.png>
Package pdftex.def Info: ../Figuras/espectros_comp.png  used on input line 1178
.
(pdftex.def)             Requested size: 196.03903pt x 126.02446pt.
File: ../Figuras/Lamina.png Graphic file (type png)
<use ../Figuras/Lamina.png>
Package pdftex.def Info: ../Figuras/Lamina.png  used on input line 1178.
(pdftex.def)             Requested size: 455.2446pt x 245.83604pt.
 [31

 <../Figuras/espectros_comp.png>]
File: ../Figuras/Lamina.png Graphic file (type png)
<use ../Figuras/Lamina.png>
Package pdftex.def Info: ../Figuras/Lamina.png  used on input line 1214.
(pdftex.def)             Requested size: 455.2446pt x 245.83604pt.
 [32

]
LaTeX Font Info:    External font `lmex10' loaded for size
(Font)              <10.95> on input line 1247.
LaTeX Font Info:    Font shape `T1/lmss/m/it' in size <10.95> not available
(Font)              Font shape `T1/lmss/m/sl' tried instead on input line 1247.

File: ../Figuras/Lamina.png Graphic file (type png)
<use ../Figuras/Lamina.png>
Package pdftex.def Info: ../Figuras/Lamina.png  used on input line 1247.
(pdftex.def)             Requested size: 455.2446pt x 245.83604pt.
 [33

]
File: ../Figuras/Lamina.png Graphic file (type png)
<use ../Figuras/Lamina.png>
Package pdftex.def Info: ../Figuras/Lamina.png  used on input line 1270.
(pdftex.def)             Requested size: 455.2446pt x 245.83604pt.
 [34

]
File: ../Figuras/Lamina.png Graphic file (type png)
<use ../Figuras/Lamina.png>
Package pdftex.def Info: ../Figuras/Lamina.png  used on input line 1317.
(pdftex.def)             Requested size: 455.2446pt x 245.83604pt.
 [35

]
Overfull \vbox (6.46158pt too high) detected at line 1352
 []

File: ../Figuras/Lamina.png Graphic file (type png)
<use ../Figuras/Lamina.png>
Package pdftex.def Info: ../Figuras/Lamina.png  used on input line 1352.
(pdftex.def)             Requested size: 455.2446pt x 245.83604pt.
[36

]
File: ../Figuras/Lamina.png Graphic file (type png)
<use ../Figuras/Lamina.png>
Package pdftex.def Info: ../Figuras/Lamina.png  used on input line 1387.
(pdftex.def)             Requested size: 455.2446pt x 245.83604pt.
 [37

]
File: ../Figuras/Lamina.png Graphic file (type png)
<use ../Figuras/Lamina.png>
Package pdftex.def Info: ../Figuras/Lamina.png  used on input line 1403.
(pdftex.def)             Requested size: 455.2446pt x 245.83604pt.
 [38

]
File: ../Figuras/Lamina.png Graphic file (type png)
<use ../Figuras/Lamina.png>
Package pdftex.def Info: ../Figuras/Lamina.png  used on input line 1431.
(pdftex.def)             Requested size: 455.2446pt x 245.83604pt.
 [39

]
File: ../Figuras/Lamina.png Graphic file (type png)
<use ../Figuras/Lamina.png>
Package pdftex.def Info: ../Figuras/Lamina.png  used on input line 1458.
(pdftex.def)             Requested size: 455.2446pt x 245.83604pt.
 [40

]
Overfull \vbox (0.5412pt too high) detected at line 1467
 []

File: ../Figuras/Lamina.png Graphic file (type png)
<use ../Figuras/Lamina.png>
Package pdftex.def Info: ../Figuras/Lamina.png  used on input line 1467.
(pdftex.def)             Requested size: 455.2446pt x 245.83604pt.
[41

]
\tf@nav=\write6
\openout6 = `Presentacion_70_Reordenado.nav'.

\tf@toc=\write7
\openout7 = `Presentacion_70_Reordenado.toc'.

\tf@snm=\write8
\openout8 = `Presentacion_70_Reordenado.snm'.

 (Presentacion_70_Reordenado.aux
LaTeX Info: Redefining \. on input line 11.
LaTeX Info: Redefining \% on input line 11.
LaTeX Info: Redefining \. on input line 13.
LaTeX Info: Redefining \% on input line 13.
)
 ***********
LaTeX2e <2025-11-01>
L3 programming layer <2025-12-24>
 ***********
Package rerunfilecheck Info: File `Presentacion_70_Reordenado.out' has not chan
ged.
(rerunfilecheck)             Checksum: C3E576455DB237A5E7B92830F299D3A1;3990.
 ) 
Here is how much of TeX's memory you used:
 34386 strings out of 467871
 717634 string characters out of 5418376
 1157232 words of memory out of 5000000
 62457 multiletter control sequences out of 15000+600000
 732453 words of font info for 118 fonts, out of 8000000 for 9000
 1141 hyphenation exceptions out of 8191
 128i,16n,123p,403b,1069s stack positions out of 10000i,1000n,20000p,200000b,200000s
<C:/Users/cwbor/AppData/Local/Programs/MiKTeX/fonts/type1/public/lm/lmex10.pf
b><C:/Users/cwbor/AppData/Local/Programs/MiKTeX/fonts/type1/public/lm/lmmi10.pf
b><C:/Users/cwbor/AppData/Local/Programs/MiKTeX/fonts/type1/public/lm/lmmi6.pfb
><C:/Users/cwbor/AppData/Local/Programs/MiKTeX/fonts/type1/public/lm/lmmi8.pfb>
<C:/Users/cwbor/AppData/Local/Programs/MiKTeX/fonts/type1/public/lm/lmmi9.pfb><
C:/Users/cwbor/AppData/Local/Programs/MiKTeX/fonts/type1/public/lm/lmss10.pfb><
C:/Users/cwbor/AppData/Local/Programs/MiKTeX/fonts/type1/public/lm/lmss12.pfb><
C:/Users/cwbor/AppData/Local/Programs/MiKTeX/fonts/type1/public/lm/lmss8.pfb><C
:/Users/cwbor/AppData/Local/Programs/MiKTeX/fonts/type1/public/lm/lmss9.pfb><C:
/Users/cwbor/AppData/Local/Programs/MiKTeX/fonts/type1/public/lm/lmssbx10.pfb><
C:/Users/cwbor/AppData/Local/Programs/MiKTeX/fonts/type1/public/lm/lmsso10.pfb>
<C:/Users/cwbor/AppData/Local/Programs/MiKTeX/fonts/type1/public/lm/lmsso8.pfb>
<C:/Users/cwbor/AppData/Local/Programs/MiKTeX/fonts/type1/public/lm/lmsso9.pfb>
<C:/Users/cwbor/AppData/Local/Programs/MiKTeX/fonts/type1/public/lm/lmsy6.pfb><
C:/Users/cwbor/AppData/Local/Programs/MiKTeX/fonts/type1/public/lm/lmsy7.pfb><C
:/Users/cwbor/AppData/Local/Programs/MiKTeX/fonts/type1/public/lm/lmsy8.pfb><C:
/Users/cwbor/AppData/Local/Programs/MiKTeX/fonts/type1/public/lm/lmsy9.pfb><C:/
Users/cwbor/AppData/Local/Programs/MiKTeX/fonts/type1/public/lm/lmtt8.pfb>
Output written on Presentacion_70_Reordenado.pdf (41 pages, 16162839 bytes).
PDF statistics:
 543 PDF objects out of 1000 (max. 8388607)
 105 named destinations out of 1000 (max. 500000)
 392 words of extra memory for PDF output out of 10000 (max. 10000000)

