\BOOKMARK [2][]{Outline0.1}{\376\377\000R\000e\000s\000u\000m\000e\000n\000\040\000P\000r\000e\000s\000e\000n\000t\000a\000c\000i\000\363\000n\000\040\000N\000\260\0001}{}% 1
\BOOKMARK [2][]{Outline0.2}{\376\377\000M\000e\000t\000o\000d\000o\000l\000o\000g\000\355\000a}{}% 2
\BOOKMARK [2][]{Outline0.3}{\376\377\000R\000e\000c\000o\000p\000i\000l\000a\000c\000i\000\363\000n\000\040\000d\000e\000\040\000a\000n\000t\000e\000c\000e\000d\000e\000n\000t\000e\000s}{}% 3
\BOOKMARK [2][]{Outline0.4}{\376\377\000D\000e\000s\000c\000r\000i\000p\000c\000i\000\363\000n\000\040\000d\000e\000\040\000l\000a\000\040\000N\000a\000v\000e\000\040\000F}{}% 4
\BOOKMARK [2][]{Outline0.5}{\376\377\000L\000e\000v\000a\000n\000t\000a\000m\000i\000e\000n\000t\000o\000\040\000e\000n\000\040\000t\000e\000r\000r\000e\000n\000o}{}% 5
\BOOKMARK [2][]{Outline0.6}{\376\377\000D\000i\000s\000c\000r\000e\000p\000a\000n\000c\000i\000a\000\040\000p\000l\000a\000n\000o\000s\000\040\000v\000s\000\040\000c\000o\000n\000s\000t\000r\000u\000i\000d\000o}{}% 6
\BOOKMARK [2][]{Outline0.7}{\376\377\000S\000i\000s\000t\000e\000m\000a\000\040\000e\000s\000t\000r\000u\000c\000t\000u\000r\000a\000l\000\040\000y\000\040\000m\000a\000t\000e\000r\000i\000a\000l\000i\000d\000a\000d}{}% 7
\BOOKMARK [2][]{Outline0.8}{\376\377\000M\000o\000d\000e\000l\000o\000\040\000S\000A\000P\0002\0000\0000\0000}{}% 8
\BOOKMARK [2][]{Outline0.9}{\376\377\000C\000a\000r\000g\000a\000s\000\040\000d\000e\000\040\000d\000i\000s\000e\000\361\000o}{}% 9
\BOOKMARK [2][]{Outline0.10}{\376\377\000C\000o\000m\000b\000i\000n\000a\000c\000i\000o\000n\000e\000s\000\040\000d\000e\000\040\000c\000a\000r\000g\000a}{}% 10
\BOOKMARK [2][]{Outline0.11}{\376\377\000V\000i\000e\000n\000t\000o\000:\000\040\000N\000C\000h\0004\0003\0002\000.\000O\000f\0001\0009\0007\0001}{}% 11
\BOOKMARK [2][]{Outline0.12}{\376\377\000V\000i\000e\000n\000t\000o\000:\000\040\000N\000C\000h\0004\0003\0002\000:\0002\0000\0002\0005}{}% 12
\BOOKMARK [2][]{Outline0.13}{\376\377\000S\000i\000s\000m\000o\000:\000\040\000N\000C\000h\0002\0003\0006\0009\000.\000O\000f\0002\0000\0000\0003}{}% 13
\BOOKMARK [2][]{Outline0.14}{\376\377\000S\000i\000s\000m\000o\000:\000\040\000N\000C\000h\0002\0003\0006\0009\000:\0002\0000\0002\0005}{}% 14
\BOOKMARK [2][]{Outline0.15}{\376\377\000P\000a\000r\000t\000i\000c\000i\000p\000a\000c\000i\000\363\000n\000\040\000d\000e\000\040\000m\000a\000s\000a\000\040\000m\000o\000d\000a\000l}{}% 15
\BOOKMARK [2][]{Outline0.16}{\376\377\000R\000e\000s\000u\000l\000t\000a\000d\000o\000s\000\040\000y\000\040\000c\000o\000m\000p\000a\000r\000a\000t\000i\000v\000a\000s}{}% 16
\BOOKMARK [2][]{Outline0.17}{\376\377\000V\000i\000e\000n\000t\000o\000:\000\040\000z\000o\000n\000i\000f\000i\000c\000a\000c\000i\000\363\000n\000\040\000y\000\040\000p\000r\000e\000s\000i\000o\000n\000e\000s}{}% 17
\BOOKMARK [2][]{Outline0.18}{\376\377\000V\000i\000e\000n\000t\000o\000:\000\040\000s\000o\000l\000i\000c\000i\000t\000a\000c\000i\000o\000n\000e\000s\000\040\000g\000l\000o\000b\000a\000l\000e\000s}{}% 18
\BOOKMARK [2][]{Outline0.19}{\376\377\000R\000e\000s\000u\000l\000t\000a\000d\000o\000s\000:\000\040\000R\000e\000a\000c\000c\000i\000o\000n\000e\000s\000\040\000e\000n\000\040\000l\000a\000\040\000B\000a\000s\000e}{}% 19
\BOOKMARK [2][]{Outline0.20}{\376\377\000R\000e\000s\000u\000l\000t\000a\000d\000o\000s\000:\000\040\000D\000e\000s\000p\000l\000a\000z\000a\000m\000i\000e\000n\000t\000o\000s}{}% 20
\BOOKMARK [2][]{Outline0.21}{\376\377\000R\000e\000s\000u\000l\000t\000a\000d\000o\000s\000:\000\040\000F\000a\000c\000t\000o\000r\000e\000s\000\040\000d\000e\000\040\000U\000t\000i\000l\000i\000z\000a\000c\000i\000\363\000n}{}% 21
\BOOKMARK [2][]{Outline0.22}{\376\377\000A\000n\000\341\000l\000i\000s\000i\000s\000\040\000c\000o\000m\000p\000a\000r\000a\000t\000i\000v\000o}{}% 22
\BOOKMARK [2][]{Outline0.23}{\376\377\000C\000o\000n\000c\000l\000u\000s\000i\000o\000n\000e\000s}{}% 23
